0001_0016_0051_0035_0035.jpg 1 16 51 35 35
0002_0027_0034_0050_0050.jpg 1 27 34 50 50
0003_0045_0012_0028_0028.jpg 1 45 12 28 28
0004_0007_0010_0058_0058.jpg 1 7 10 58 58
0005_0016_0006_0062_0062.jpg 1 16 6 62 62
0006_0028_0015_0046_0046.jpg 1 28 15 46 46
0007_0007_0009_0033_0033.jpg 1 7 9 33 33
0008_0031_0042_0038_0038.jpg 1 31 42 38 38
0009_0012_0010_0066_0066.jpg 1 12 10 66 66
0010_0035_0027_0032_0032.jpg 1 35 27 32 32
0011_0018_0017_0042_0042.jpg 1 18 17 42 42
0012_0050_0029_0032_0032.jpg 1 50 29 32 32
0013_0006_0004_0065_0065.jpg 1 6 4 65 65
0014_0011_0022_0063_0063.jpg 1 11 22 63 63
0015_0031_0037_0047_0047.jpg 1 31 37 47 47
0016_0007_0025_0036_0036.jpg 1 7 25 36 36
0017_0012_0037_0032_0032.jpg 1 12 37 32 32
0018_0022_0036_0028_0028.jpg 1 22 36 28 28
0019_0014_0012_0029_0029.jpg 1 14 12 29 29
0020_0025_0008_0025_0025.jpg 1 25 8 25 25
0021_0012_0021_0058_0058.jpg 1 12 21 58 58
0022_0060_0024_0025_0025.jpg 1 60 24 25 25
0023_0035_0056_0033_0033.jpg 1 35 56 33 33
0024_0023_0011_0066_0066.jpg 1 23 11 66 66
0025_0042_0008_0048_0048.jpg 1 42 8 48 48
0026_0027_0061_0027_0027.jpg 1 27 61 27 27
0027_0041_0047_0043_0043.jpg 1 41 47 43 43
0028_0009_0028_0059_0059.jpg 1 9 28 59 59
0029_0022_0020_0065_0065.jpg 1 22 20 65 65
0030_0049_0024_0037_0037.jpg 1 49 24 37 37
0031_0027_0015_0069_0069.jpg 1 27 15 69 69
0032_0038_0010_0056_0056.jpg 1 38 10 56 56
0033_0033_0038_0024_0024.jpg 1 33 38 24 24
0034_0037_0018_0054_0054.jpg 1 37 18 54 54
0035_0023_0045_0045_0045.jpg 1 23 45 45 45
0036_0021_0024_0066_0066.jpg 1 21 24 66 66
0037_0027_0021_0054_0054.jpg 1 27 21 54 54
0038_0008_0033_0029_0029.jpg 1 8 33 29 29
0039_0017_0045_0041_0041.jpg 1 17 45 41 41
0040_0036_0022_0046_0046.jpg 1 36 22 46 46
0041_0027_0024_0057_0057.jpg 1 27 24 57 57
0042_0026_0024_0048_0048.jpg 1 26 24 48 48
0043_0018_0027_0065_0065.jpg 1 18 27 65 65
0044_0058_0041_0026_0026.jpg 1 58 41 26 26
0045_0019_0043_0043_0043.jpg 1 19 43 43 43
0046_0011_0037_0049_0049.jpg 1 11 37 49 49
0047_0061_0062_0026_0026.jpg 1 61 62 26 26
0048_0018_0008_0044_0044.jpg 1 18 8 44 44
0049_0055_0009_0029_0029.jpg 1 55 9 29 29
0050_0052_0026_0039_0039.jpg 1 52 26 39 39
0051_0003_0006_0068_0068.jpg 1 3 6 68 68
0052_0019_0028_0068_0068.jpg 1 19 28 68 68
0053_0037_0018_0049_0049.jpg 1 37 18 49 49
0054_0014_0019_0033_0033.jpg 1 14 19 33 33
0055_0031_0020_0052_0052.jpg 1 31 20 52 52
0056_0053_0029_0039_0039.jpg 1 53 29 39 39
0057_0031_0024_0043_0043.jpg 1 31 24 43 43
0058_0012_0024_0041_0041.jpg 1 12 24 41 41
0059_0055_0008_0029_0029.jpg 1 55 8 29 29
0060_0026_0053_0038_0038.jpg 1 26 53 38 38
0061_0025_0013_0058_0058.jpg 1 25 13 58 58
0062_0030_0013_0055_0055.jpg 1 30 13 55 55
0063_0030_0029_0055_0055.jpg 1 30 29 55 55
0064_0011_0031_0046_0046.jpg 1 11 31 46 46
0065_0019_0021_0026_0026.jpg 1 19 21 26 26
0066_0018_0009_0025_0025.jpg 1 18 9 25 25
0067_0021_0036_0028_0028.jpg 1 21 36 28 28
0068_0009_0016_0054_0054.jpg 1 9 16 54 54
0069_0020_0028_0065_0065.jpg 1 20 28 65 65
0070_0025_0017_0037_0037.jpg 1 25 17 37 37
0071_0033_0020_0062_0062.jpg 1 33 20 62 62
0072_0027_0008_0030_0030.jpg 1 27 8 30 30
0073_0010_0016_0066_0066.jpg 1 10 16 66 66
0074_0044_0019_0043_0043.jpg 1 44 19 43 43
0075_0016_0039_0029_0029.jpg 1 16 39 29 29
0076_0023_0038_0052_0052.jpg 1 23 38 52 52
0077_0054_0012_0030_0030.jpg 1 54 12 30 30
0078_0014_0053_0029_0029.jpg 1 14 53 29 29
0079_0027_0030_0057_0057.jpg 1 27 30 57 57
0080_0007_0039_0047_0047.jpg 1 7 39 47 47
0081_0024_0017_0061_0061.jpg 1 24 17 61 61
0082_0015_0019_0067_0067.jpg 1 15 19 67 67
0083_0017_0034_0045_0045.jpg 1 17 34 45 45
0084_0016_0036_0046_0046.jpg 1 16 36 46 46
0085_0020_0011_0028_0028.jpg 1 20 11 28 28
0086_0019_0036_0050_0050.jpg 1 19 36 50 50
0087_0053_0024_0031_0031.jpg 1 53 24 31 31
0088_0037_0027_0051_0051.jpg 1 37 27 51 51
0089_0013_0004_0054_0054.jpg 1 13 4 54 54
0090_0018_0006_0064_0064.jpg 1 18 6 64 64
0091_0033_0064_0026_0026.jpg 1 33 64 26 26
0092_0006_0036_0039_0039.jpg 1 6 36 39 39
0093_0010_0043_0036_0036.jpg 1 10 43 36 36
0094_0017_0022_0061_0061.jpg 1 17 22 61 61
0095_0014_0032_0032_0032.jpg 1 14 32 32 32
0096_0018_0008_0060_0060.jpg 1 18 8 60 60
0097_0053_0010_0035_0035.jpg 1 53 10 35 35
0098_0039_0005_0041_0041.jpg 1 39 5 41 41
0099_0060_0021_0025_0025.jpg 1 60 21 25 25
0100_0016_0061_0029_0029.jpg 1 16 61 29 29
0101_0035_0052_0026_0026.jpg 1 35 52 26 26
0102_0039_0010_0036_0036.jpg 1 39 10 36 36
0103_0014_0017_0069_0069.jpg 1 14 17 69 69
0104_0038_0047_0042_0042.jpg 1 38 47 42 42
0105_0030_0028_0040_0040.jpg 1 30 28 40 40
0106_0022_0023_0059_0059.jpg 1 22 23 59 59
0107_0020_0049_0028_0028.jpg 1 20 49 28 28
0108_0030_0035_0055_0055.jpg 1 30 35 55 55
0109_0026_0014_0066_0066.jpg 1 26 14 66 66
0110_0027_0031_0027_0027.jpg 1 27 31 27 27
0111_0017_0018_0064_0064.jpg 1 17 18 64 64
0112_0013_0012_0037_0037.jpg 1 13 12 37 37
0113_0058_0047_0028_0028.jpg 1 58 47 28 28
0114_0047_0026_0042_0042.jpg 1 47 26 42 42
0115_0049_0046_0038_0038.jpg 1 49 46 38 38
0116_0037_0047_0045_0045.jpg 1 37 47 45 45
0117_0009_0030_0033_0033.jpg 1 9 30 33 33
0118_0017_0021_0066_0066.jpg 1 17 21 66 66
0119_0027_0027_0063_0063.jpg 1 27 27 63 63
0120_0034_0032_0059_0059.jpg 1 34 32 59 59
0121_0017_0005_0060_0060.jpg 1 17 5 60 60
0122_0028_0028_0059_0059.jpg 1 28 28 59 59
0123_0026_0019_0051_0051.jpg 1 26 19 51 51
0124_0067_0052_0024_0024.jpg 1 67 52 24 24
0125_0051_0019_0035_0035.jpg 1 51 19 35 35
0126_0045_0014_0027_0027.jpg 1 45 14 27 27
0127_0038_0042_0044_0044.jpg 1 38 42 44 44
0128_0011_0008_0057_0057.jpg 1 11 8 57 57
0129_0028_0011_0066_0066.jpg 1 28 11 66 66
0130_0015_0013_0050_0050.jpg 1 15 13 50 50
0131_0009_0036_0038_0038.jpg 1 9 36 38 38
0132_0022_0018_0047_0047.jpg 1 22 18 47 47
0133_0054_0059_0030_0030.jpg 1 54 59 30 30
0134_0051_0031_0035_0035.jpg 1 51 31 35 35
0135_0026_0043_0045_0045.jpg 1 26 43 45 45
0136_0017_0038_0042_0042.jpg 1 17 38 42 42
0137_0037_0035_0048_0048.jpg 1 37 35 48 48
0138_0050_0029_0042_0042.jpg 1 50 29 42 42
0139_0005_0012_0045_0045.jpg 1 5 12 45 45
0140_0027_0011_0060_0060.jpg 1 27 11 60 60
0141_0017_0036_0053_0053.jpg 1 17 36 53 53
0142_0034_0009_0053_0053.jpg 1 34 9 53 53
0143_0014_0053_0036_0036.jpg 1 14 53 36 36
0144_0024_0024_0066_0066.jpg 1 24 24 66 66
0145_0037_0018_0051_0051.jpg 1 37 18 51 51
0146_0036_0017_0037_0037.jpg 1 36 17 37 37
0147_0045_0042_0033_0033.jpg 1 45 42 33 33
0148_0041_0007_0053_0053.jpg 1 41 7 53 53
0149_0008_0005_0067_0067.jpg 1 8 5 67 67
0150_0030_0008_0062_0062.jpg 1 30 8 62 62
0151_0015_0059_0024_0024.jpg 1 15 59 24 24
0152_0034_0020_0051_0051.jpg 1 34 20 51 51
0153_0015_0025_0057_0057.jpg 1 15 25 57 57
0154_0066_0046_0026_0026.jpg 1 66 46 26 26
0155_0021_0029_0064_0064.jpg 1 21 29 64 64
0156_0049_0034_0042_0042.jpg 1 49 34 42 42
0157_0040_0024_0043_0043.jpg 1 40 24 43 43
0158_0034_0013_0028_0028.jpg 1 34 13 28 28
0159_0011_0033_0051_0051.jpg 1 11 33 51 51
0160_0029_0057_0031_0031.jpg 1 29 57 31 31
0161_0029_0043_0030_0030.jpg 1 29 43 30 30
0162_0006_0022_0044_0044.jpg 1 6 22 44 44
0163_0015_0007_0056_0056.jpg 1 15 7 56 56
0164_0024_0047_0045_0045.jpg 1 24 47 45 45
0165_0007_0032_0061_0061.jpg 1 7 32 61 61
0166_0008_0032_0046_0046.jpg 1 8 32 46 46
0167_0015_0027_0069_0069.jpg 1 15 27 69 69
0168_0030_0031_0049_0049.jpg 1 30 31 49 49
0169_0017_0005_0059_0059.jpg 1 17 5 59 59
0170_0038_0019_0056_0056.jpg 1 38 19 56 56
0171_0031_0035_0056_0056.jpg 1 31 35 56 56
0172_0038_0020_0040_0040.jpg 1 38 20 40 40
0173_0029_0011_0051_0051.jpg 1 29 11 51 51
0174_0022_0007_0055_0055.jpg 1 22 7 55 55
0175_0022_0032_0048_0048.jpg 1 22 32 48 48
0176_0015_0035_0052_0052.jpg 1 15 35 52 52
0177_0021_0052_0034_0034.jpg 1 21 52 34 34
0178_0010_0016_0062_0062.jpg 1 10 16 62 62
0179_0020_0023_0051_0051.jpg 1 20 23 51 51
0180_0016_0011_0061_0061.jpg 1 16 11 61 61
0181_0038_0027_0041_0041.jpg 1 38 27 41 41
0182_0004_0005_0061_0061.jpg 1 4 5 61 61
0183_0038_0025_0036_0036.jpg 1 38 25 36 36
0184_0013_0026_0045_0045.jpg 1 13 26 45 45
0185_0029_0007_0061_0061.jpg 1 29 7 61 61
0186_0038_0039_0030_0030.jpg 1 38 39 30 30
0187_0013_0006_0064_0064.jpg 1 13 6 64 64
0188_0006_0006_0065_0065.jpg 1 6 6 65 65
0189_0013_0027_0035_0035.jpg 1 13 27 35 35
0190_0022_0025_0059_0059.jpg 1 22 25 59 59
0191_0047_0040_0044_0044.jpg 1 47 40 44 44
0192_0027_0012_0042_0042.jpg 1 27 12 42 42
0193_0044_0019_0049_0049.jpg 1 44 19 49 49
0194_0006_0023_0050_0050.jpg 1 6 23 50 50
0195_0031_0006_0046_0046.jpg 1 31 6 46 46
0196_0010_0034_0055_0055.jpg 1 10 34 55 55
0197_0028_0028_0039_0039.jpg 1 28 28 39 39
0198_0024_0032_0056_0056.jpg 1 24 32 56 56
0199_0009_0020_0058_0058.jpg 1 9 20 58 58
0200_0040_0029_0041_0041.jpg 1 40 29 41 41
0201_0004_0008_0069_0069.jpg 1 4 8 69 69
0202_0015_0035_0045_0045.jpg 1 15 35 45 45
0203_0066_0035_0025_0025.jpg 1 66 35 25 25
0204_0037_0025_0033_0033.jpg 1 37 25 33 33
0205_0054_0027_0035_0035.jpg 1 54 27 35 35
0206_0025_0027_0068_0068.jpg 1 25 27 68 68
0207_0031_0006_0060_0060.jpg 1 31 6 60 60
0208_0016_0011_0068_0068.jpg 1 16 11 68 68
0209_0015_0032_0045_0045.jpg 1 15 32 45 45
0210_0004_0029_0062_0062.jpg 1 4 29 62 62
0211_0011_0004_0068_0068.jpg 1 11 4 68 68
0212_0021_0009_0058_0058.jpg 1 21 9 58 58
0213_0027_0012_0056_0056.jpg 1 27 12 56 56
0214_0014_0015_0060_0060.jpg 1 14 15 60 60
0215_0009_0028_0054_0054.jpg 1 9 28 54 54
0216_0005_0025_0053_0053.jpg 1 5 25 53 53
0217_0012_0042_0036_0036.jpg 1 12 42 36 36
0218_0021_0015_0055_0055.jpg 1 21 15 55 55
0219_0007_0028_0041_0041.jpg 1 7 28 41 41
0220_0033_0020_0053_0053.jpg 1 33 20 53 53
0221_0023_0046_0034_0034.jpg 1 23 46 34 34
0222_0036_0013_0035_0035.jpg 1 36 13 35 35
0223_0028_0036_0040_0040.jpg 1 28 36 40 40
0224_0034_0012_0058_0058.jpg 1 34 12 58 58
0225_0014_0028_0032_0032.jpg 1 14 28 32 32
0226_0016_0007_0037_0037.jpg 1 16 7 37 37
0227_0008_0036_0029_0029.jpg 1 8 36 29 29
0228_0030_0024_0063_0063.jpg 1 30 24 63 63
0229_0034_0012_0058_0058.jpg 1 34 12 58 58
0230_0012_0013_0063_0063.jpg 1 12 13 63 63
0231_0032_0005_0060_0060.jpg 1 32 5 60 60
0232_0009_0011_0043_0043.jpg 1 9 11 43 43
0233_0025_0021_0051_0051.jpg 1 25 21 51 51
0234_0018_0009_0067_0067.jpg 1 18 9 67 67
0235_0039_0039_0026_0026.jpg 1 39 39 26 26
0236_0003_0014_0069_0069.jpg 1 3 14 69 69
0237_0044_0012_0035_0035.jpg 1 44 12 35 35
0238_0045_0011_0048_0048.jpg 1 45 11 48 48
0239_0034_0011_0036_0036.jpg 1 34 11 36 36
0240_0027_0009_0068_0068.jpg 1 27 9 68 68
0241_0024_0048_0030_0030.jpg 1 24 48 30 30
0242_0021_0015_0061_0061.jpg 1 21 15 61 61
0243_0030_0026_0045_0045.jpg 1 30 26 45 45
0244_0033_0010_0058_0058.jpg 1 33 10 58 58
0245_0040_0022_0047_0047.jpg 1 40 22 47 47
0246_0047_0047_0027_0027.jpg 1 47 47 27 27
0247_0029_0005_0065_0065.jpg 1 29 5 65 65
0248_0034_0012_0028_0028.jpg 1 34 12 28 28
0249_0033_0022_0057_0057.jpg 1 33 22 57 57
0250_0013_0026_0068_0068.jpg 1 13 26 68 68
0251_0043_0055_0028_0028.jpg 1 43 55 28 28
0252_0025_0018_0046_0046.jpg 1 25 18 46 46
0253_0049_0012_0041_0041.jpg 1 49 12 41 41
0254_0034_0008_0054_0054.jpg 1 34 8 54 54
0255_0017_0040_0049_0049.jpg 1 17 40 49 49
0256_0032_0019_0062_0062.jpg 1 32 19 62 62
0257_0029_0016_0049_0049.jpg 1 29 16 49 49
0258_0050_0046_0040_0040.jpg 1 50 46 40 40
0259_0019_0024_0069_0069.jpg 1 19 24 69 69
0260_0014_0013_0048_0048.jpg 1 14 13 48 48
0261_0021_0023_0025_0025.jpg 1 21 23 25 25
0262_0032_0013_0055_0055.jpg 1 32 13 55 55
0263_0006_0021_0064_0064.jpg 1 6 21 64 64
0264_0021_0036_0040_0040.jpg 1 21 36 40 40
0265_0023_0017_0068_0068.jpg 1 23 17 68 68
0266_0011_0010_0042_0042.jpg 1 11 10 42 42
0267_0024_0006_0051_0051.jpg 1 24 6 51 51
0268_0016_0012_0069_0069.jpg 1 16 12 69 69
0269_0020_0029_0039_0039.jpg 1 20 29 39 39
0270_0005_0018_0068_0068.jpg 1 5 18 68 68
0271_0012_0018_0048_0048.jpg 1 12 18 48 48
0272_0029_0045_0032_0032.jpg 1 29 45 32 32
0273_0016_0013_0069_0069.jpg 1 16 13 69 69
0274_0043_0042_0030_0030.jpg 1 43 42 30 30
0275_0029_0011_0063_0063.jpg 1 29 11 63 63
0276_0059_0015_0024_0024.jpg 1 59 15 24 24
0277_0010_0014_0050_0050.jpg 1 10 14 50 50
0278_0030_0006_0059_0059.jpg 1 30 6 59 59
0279_0040_0038_0046_0046.jpg 1 40 38 46 46
0280_0009_0012_0033_0033.jpg 1 9 12 33 33
0281_0026_0008_0066_0066.jpg 1 26 8 66 66
0282_0006_0010_0033_0033.jpg 1 6 10 33 33
0283_0046_0037_0045_0045.jpg 1 46 37 45 45
0284_0031_0038_0049_0049.jpg 1 31 38 49 49
0285_0025_0018_0068_0068.jpg 1 25 18 68 68
0286_0009_0023_0067_0067.jpg 1 9 23 67 67
0287_0032_0017_0041_0041.jpg 1 32 17 41 41
0288_0005_0032_0063_0063.jpg 1 5 32 63 63
0289_0032_0050_0041_0041.jpg 1 32 50 41 41
0290_0036_0010_0055_0055.jpg 1 36 10 55 55
0291_0045_0029_0036_0036.jpg 1 45 29 36 36
0292_0025_0041_0026_0026.jpg 1 25 41 26 26
0293_0019_0017_0059_0059.jpg 1 19 17 59 59
0294_0056_0039_0036_0036.jpg 1 56 39 36 36
0295_0021_0028_0064_0064.jpg 1 21 28 64 64
0296_0040_0019_0030_0030.jpg 1 40 19 30 30
0297_0027_0016_0069_0069.jpg 1 27 16 69 69
0298_0027_0008_0038_0038.jpg 1 27 8 38 38
0299_0051_0020_0031_0031.jpg 1 51 20 31 31
0300_0017_0010_0058_0058.jpg 1 17 10 58 58
0301_0008_0050_0033_0033.jpg 1 8 50 33 33
0302_0024_0023_0051_0051.jpg 1 24 23 51 51
0303_0027_0026_0045_0045.jpg 1 27 26 45 45
0304_0032_0017_0059_0059.jpg 1 32 17 59 59
0305_0008_0008_0068_0068.jpg 1 8 8 68 68
0306_0033_0039_0038_0038.jpg 1 33 39 38 38
0307_0023_0014_0060_0060.jpg 1 23 14 60 60
0308_0026_0033_0043_0043.jpg 1 26 33 43 43
0309_0049_0041_0038_0038.jpg 1 49 41 38 38
0310_0022_0007_0041_0041.jpg 1 22 7 41 41
0311_0029_0043_0025_0025.jpg 1 29 43 25 25
0312_0015_0012_0043_0043.jpg 1 15 12 43 43
0313_0019_0005_0046_0046.jpg 1 19 5 46 46
0314_0017_0024_0041_0041.jpg 1 17 24 41 41
0315_0020_0013_0065_0065.jpg 1 20 13 65 65
0316_0016_0030_0053_0053.jpg 1 16 30 53 53
0317_0010_0027_0062_0062.jpg 1 10 27 62 62
0318_0043_0016_0038_0038.jpg 1 43 16 38 38
0319_0031_0028_0061_0061.jpg 1 31 28 61 61
0320_0032_0033_0048_0048.jpg 1 32 33 48 48
0321_0022_0038_0050_0050.jpg 1 22 38 50 50
0322_0057_0055_0036_0036.jpg 1 57 55 36 36
0323_0028_0025_0060_0060.jpg 1 28 25 60 60
0324_0012_0014_0029_0029.jpg 1 12 14 29 29
0325_0018_0007_0041_0041.jpg 1 18 7 41 41
0326_0047_0043_0033_0033.jpg 1 47 43 33 33
0327_0045_0020_0039_0039.jpg 1 45 20 39 39
0328_0021_0027_0059_0059.jpg 1 21 27 59 59
0329_0027_0051_0042_0042.jpg 1 27 51 42 42
0330_0007_0021_0043_0043.jpg 1 7 21 43 43
0331_0016_0037_0055_0055.jpg 1 16 37 55 55
0332_0023_0023_0040_0040.jpg 1 23 23 40 40
0333_0028_0030_0063_0063.jpg 1 28 30 63 63
0334_0006_0018_0040_0040.jpg 1 6 18 40 40
0335_0035_0037_0026_0026.jpg 1 35 37 26 26
0336_0029_0046_0039_0039.jpg 1 29 46 39 39
0337_0043_0033_0043_0043.jpg 1 43 33 43 43
0338_0032_0036_0039_0039.jpg 1 32 36 39 39
0339_0010_0032_0052_0052.jpg 1 10 32 52 52
0340_0014_0046_0028_0028.jpg 1 14 46 28 28
0341_0019_0027_0038_0038.jpg 1 19 27 38 38
0342_0009_0016_0045_0045.jpg 1 9 16 45 45
0343_0025_0035_0027_0027.jpg 1 25 35 27 27
0344_0044_0012_0036_0036.jpg 1 44 12 36 36
0345_0040_0046_0033_0033.jpg 1 40 46 33 33
0346_0046_0007_0042_0042.jpg 1 46 7 42 42
0347_0038_0044_0049_0049.jpg 1 38 44 49 49
0348_0011_0036_0032_0032.jpg 1 11 36 32 32
0349_0048_0047_0032_0032.jpg 1 48 47 32 32
0350_0020_0031_0052_0052.jpg 1 20 31 52 52
0351_0043_0058_0032_0032.jpg 1 43 58 32 32
0352_0048_0007_0025_0025.jpg 1 48 7 25 25
0353_0028_0008_0067_0067.jpg 1 28 8 67 67
0354_0008_0034_0036_0036.jpg 1 8 34 36 36
0355_0045_0029_0045_0045.jpg 1 45 29 45 45
0356_0042_0027_0026_0026.jpg 1 42 27 26 26
0357_0010_0030_0049_0049.jpg 1 10 30 49 49
0358_0017_0025_0052_0052.jpg 1 17 25 52 52
0359_0041_0051_0036_0036.jpg 1 41 51 36 36
0360_0021_0041_0044_0044.jpg 1 21 41 44 44
0361_0014_0034_0061_0061.jpg 1 14 34 61 61
0362_0014_0023_0069_0069.jpg 1 14 23 69 69
0363_0043_0026_0024_0024.jpg 1 43 26 24 24
0364_0040_0048_0036_0036.jpg 1 40 48 36 36
0365_0016_0034_0040_0040.jpg 1 16 34 40 40
0366_0026_0026_0061_0061.jpg 1 26 26 61 61
0367_0056_0018_0030_0030.jpg 1 56 18 30 30
0368_0025_0014_0037_0037.jpg 1 25 14 37 37
0369_0033_0033_0028_0028.jpg 1 33 33 28 28
0370_0023_0020_0067_0067.jpg 1 23 20 67 67
0371_0011_0025_0059_0059.jpg 1 11 25 59 59
0372_0034_0023_0059_0059.jpg 1 34 23 59 59
0373_0024_0019_0066_0066.jpg 1 24 19 66 66
0374_0016_0006_0063_0063.jpg 1 16 6 63 63
0375_0044_0040_0047_0047.jpg 1 44 40 47 47
0376_0029_0055_0030_0030.jpg 1 29 55 30 30
0377_0023_0043_0050_0050.jpg 1 23 43 50 50
0378_0028_0012_0043_0043.jpg 1 28 12 43 43
0379_0014_0012_0062_0062.jpg 1 14 12 62 62
0380_0048_0051_0033_0033.jpg 1 48 51 33 33
0381_0011_0047_0042_0042.jpg 1 11 47 42 42
0382_0020_0009_0069_0069.jpg 1 20 9 69 69
0383_0012_0011_0066_0066.jpg 1 12 11 66 66
0384_0027_0020_0068_0068.jpg 1 27 20 68 68
0385_0027_0012_0064_0064.jpg 1 27 12 64 64
0386_0008_0017_0059_0059.jpg 1 8 17 59 59
0387_0051_0053_0025_0025.jpg 1 51 53 25 25
0388_0036_0018_0030_0030.jpg 1 36 18 30 30
0389_0036_0030_0035_0035.jpg 1 36 30 35 35
0390_0047_0016_0027_0027.jpg 1 47 16 27 27
0391_0033_0005_0058_0058.jpg 1 33 5 58 58
0392_0021_0011_0066_0066.jpg 1 21 11 66 66
0393_0004_0005_0062_0062.jpg 1 4 5 62 62
0394_0005_0004_0062_0062.jpg 1 5 4 62 62
0395_0031_0019_0061_0061.jpg 1 31 19 61 61
0396_0041_0006_0038_0038.jpg 1 41 6 38 38
0397_0038_0046_0037_0037.jpg 1 38 46 37 37
0398_0036_0055_0031_0031.jpg 1 36 55 31 31
0399_0007_0018_0056_0056.jpg 1 7 18 56 56
0400_0010_0021_0024_0024.jpg 1 10 21 24 24
0401_0036_0027_0052_0052.jpg 1 36 27 52 52
0402_0031_0005_0062_0062.jpg 1 31 5 62 62
0403_0038_0038_0047_0047.jpg 1 38 38 47 47
0404_0033_0011_0044_0044.jpg 1 33 11 44 44
0405_0009_0025_0030_0030.jpg 1 9 25 30 30
0406_0036_0029_0059_0059.jpg 1 36 29 59 59
0407_0037_0012_0048_0048.jpg 1 37 12 48 48
0408_0030_0021_0062_0062.jpg 1 30 21 62 62
0409_0018_0009_0040_0040.jpg 1 18 9 40 40
0410_0009_0043_0037_0037.jpg 1 9 43 37 37
0411_0052_0022_0026_0026.jpg 1 52 22 26 26
0412_0034_0020_0041_0041.jpg 1 34 20 41 41
0413_0013_0014_0060_0060.jpg 1 13 14 60 60
0414_0019_0037_0041_0041.jpg 1 19 37 41 41
0415_0016_0046_0045_0045.jpg 1 16 46 45 45
0416_0022_0012_0042_0042.jpg 1 22 12 42 42
0417_0024_0018_0069_0069.jpg 1 24 18 69 69
0418_0029_0035_0059_0059.jpg 1 29 35 59 59
0419_0038_0009_0055_0055.jpg 1 38 9 55 55
0420_0059_0052_0028_0028.jpg 1 59 52 28 28
0421_0021_0013_0057_0057.jpg 1 21 13 57 57
0422_0017_0020_0064_0064.jpg 1 17 20 64 64
0423_0016_0017_0051_0051.jpg 1 16 17 51 51
0424_0043_0025_0030_0030.jpg 1 43 25 30 30
0425_0036_0012_0052_0052.jpg 1 36 12 52 52
0426_0018_0024_0030_0030.jpg 1 18 24 30 30
0427_0036_0058_0026_0026.jpg 1 36 58 26 26
0428_0014_0047_0045_0045.jpg 1 14 47 45 45
0429_0036_0021_0043_0043.jpg 1 36 21 43 43
0430_0023_0008_0045_0045.jpg 1 23 8 45 45
0431_0006_0029_0052_0052.jpg 1 6 29 52 52
0432_0033_0034_0037_0037.jpg 1 33 34 37 37
0433_0008_0009_0050_0050.jpg 1 8 9 50 50
0434_0011_0015_0049_0049.jpg 1 11 15 49 49
0435_0040_0016_0042_0042.jpg 1 40 16 42 42
0436_0025_0017_0067_0067.jpg 1 25 17 67 67
0437_0013_0016_0031_0031.jpg 1 13 16 31 31
0438_0013_0004_0064_0064.jpg 1 13 4 64 64
0439_0037_0015_0054_0054.jpg 1 37 15 54 54
0440_0022_0011_0062_0062.jpg 1 22 11 62 62
0441_0037_0025_0047_0047.jpg 1 37 25 47 47
0442_0024_0014_0069_0069.jpg 1 24 14 69 69
0443_0058_0060_0025_0025.jpg 1 58 60 25 25
0444_0014_0005_0068_0068.jpg 1 14 5 68 68
0445_0012_0023_0064_0064.jpg 1 12 23 64 64
0446_0028_0025_0046_0046.jpg 1 28 25 46 46
0447_0024_0012_0038_0038.jpg 1 24 12 38 38
0448_0007_0030_0050_0050.jpg 1 7 30 50 50
0449_0021_0025_0053_0053.jpg 1 21 25 53 53
0450_0018_0036_0056_0056.jpg 1 18 36 56 56
0451_0016_0024_0066_0066.jpg 1 16 24 66 66
0452_0058_0020_0025_0025.jpg 1 58 20 25 25
0453_0008_0024_0069_0069.jpg 1 8 24 69 69
0454_0009_0048_0042_0042.jpg 1 9 48 42 42
0455_0007_0011_0060_0060.jpg 1 7 11 60 60
0456_0031_0013_0048_0048.jpg 1 31 13 48 48
0457_0021_0016_0044_0044.jpg 1 21 16 44 44
0458_0048_0048_0043_0043.jpg 1 48 48 43 43
0459_0035_0005_0051_0051.jpg 1 35 5 51 51
0460_0032_0036_0047_0047.jpg 1 32 36 47 47
0461_0027_0020_0063_0063.jpg 1 27 20 63 63
0462_0010_0033_0044_0044.jpg 1 10 33 44 44
0463_0019_0023_0067_0067.jpg 1 19 23 67 67
0464_0053_0035_0039_0039.jpg 1 53 35 39 39
0465_0038_0020_0056_0056.jpg 1 38 20 56 56
0466_0051_0029_0040_0040.jpg 1 51 29 40 40
0467_0019_0007_0035_0035.jpg 1 19 7 35 35
0468_0040_0035_0043_0043.jpg 1 40 35 43 43
0469_0007_0011_0032_0032.jpg 1 7 11 32 32
0470_0031_0026_0049_0049.jpg 1 31 26 49 49
0471_0030_0008_0064_0064.jpg 1 30 8 64 64
0472_0023_0008_0032_0032.jpg 1 23 8 32 32
0473_0028_0027_0060_0060.jpg 1 28 27 60 60
0474_0027_0005_0055_0055.jpg 1 27 5 55 55
0475_0013_0044_0034_0034.jpg 1 13 44 34 34
0476_0060_0050_0029_0029.jpg 1 60 50 29 29
0477_0014_0031_0062_0062.jpg 1 14 31 62 62
0478_0025_0029_0066_0066.jpg 1 25 29 66 66
0479_0018_0018_0061_0061.jpg 1 18 18 61 61
0480_0039_0024_0049_0049.jpg 1 39 24 49 49
0481_0024_0035_0026_0026.jpg 1 24 35 26 26
0482_0042_0035_0032_0032.jpg 1 42 35 32 32
0483_0021_0052_0034_0034.jpg 1 21 52 34 34
0484_0019_0011_0065_0065.jpg 1 19 11 65 65
0485_0008_0037_0032_0032.jpg 1 8 37 32 32
0486_0016_0022_0058_0058.jpg 1 16 22 58 58
0487_0018_0011_0056_0056.jpg 1 18 11 56 56
0488_0019_0007_0056_0056.jpg 1 19 7 56 56
0489_0027_0010_0061_0061.jpg 1 27 10 61 61
0490_0021_0028_0065_0065.jpg 1 21 28 65 65
0491_0031_0052_0027_0027.jpg 1 31 52 27 27
0492_0024_0035_0053_0053.jpg 1 24 35 53 53
0493_0039_0020_0039_0039.jpg 1 39 20 39 39
0494_0060_0021_0026_0026.jpg 1 60 21 26 26
0495_0028_0022_0067_0067.jpg 1 28 22 67 67
0496_0035_0006_0059_0059.jpg 1 35 6 59 59
0497_0033_0021_0050_0050.jpg 1 33 21 50 50
0498_0017_0009_0050_0050.jpg 1 17 9 50 50
0499_0035_0009_0046_0046.jpg 1 35 9 46 46
0500_0032_0014_0057_0057.jpg 1 32 14 57 57
0501_0025_0011_0030_0030.jpg 1 25 11 30 30
0502_0022_0031_0044_0044.jpg 1 22 31 44 44
0503_0004_0024_0063_0063.jpg 1 4 24 63 63
0504_0042_0041_0043_0043.jpg 1 42 41 43 43
0505_0032_0020_0062_0062.jpg 1 32 20 62 62
0506_0005_0025_0051_0051.jpg 1 5 25 51 51
0507_0022_0024_0066_0066.jpg 1 22 24 66 66
0508_0034_0005_0060_0060.jpg 1 34 5 60 60
0509_0051_0053_0030_0030.jpg 1 51 53 30 30
0510_0011_0020_0038_0038.jpg 1 11 20 38 38
0511_0011_0010_0051_0051.jpg 1 11 10 51 51
0512_0025_0031_0036_0036.jpg 1 25 31 36 36
0513_0032_0003_0062_0062.jpg 1 32 3 62 62
0514_0024_0030_0042_0042.jpg 1 24 30 42 42
0515_0009_0033_0056_0056.jpg 1 9 33 56 56
0516_0041_0009_0032_0032.jpg 1 41 9 32 32
0517_0025_0014_0043_0043.jpg 1 25 14 43 43
0518_0026_0032_0026_0026.jpg 1 26 32 26 26
0519_0038_0028_0057_0057.jpg 1 38 28 57 57
0520_0043_0050_0038_0038.jpg 1 43 50 38 38
0521_0024_0004_0065_0065.jpg 1 24 4 65 65
0522_0026_0029_0030_0030.jpg 1 26 29 30 30
0523_0028_0010_0064_0064.jpg 1 28 10 64 64
0524_0016_0033_0057_0057.jpg 1 16 33 57 57
0525_0025_0036_0059_0059.jpg 1 25 36 59 59
0526_0015_0037_0041_0041.jpg 1 15 37 41 41
0527_0030_0027_0057_0057.jpg 1 30 27 57 57
0528_0033_0017_0057_0057.jpg 1 33 17 57 57
0529_0019_0029_0053_0053.jpg 1 19 29 53 53
0530_0012_0022_0064_0064.jpg 1 12 22 64 64
0531_0024_0048_0038_0038.jpg 1 24 48 38 38
0532_0054_0037_0037_0037.jpg 1 54 37 37 37
0533_0011_0038_0050_0050.jpg 1 11 38 50 50
0534_0036_0017_0055_0055.jpg 1 36 17 55 55
0535_0035_0027_0059_0059.jpg 1 35 27 59 59
0536_0051_0027_0031_0031.jpg 1 51 27 31 31
0537_0032_0007_0058_0058.jpg 1 32 7 58 58
0538_0038_0021_0034_0034.jpg 1 38 21 34 34
0539_0024_0008_0068_0068.jpg 1 24 8 68 68
0540_0020_0006_0067_0067.jpg 1 20 6 67 67
0541_0027_0035_0035_0035.jpg 1 27 35 35 35
0542_0031_0051_0028_0028.jpg 1 31 51 28 28
0543_0024_0030_0045_0045.jpg 1 24 30 45 45
0544_0028_0054_0026_0026.jpg 1 28 54 26 26
0545_0009_0027_0067_0067.jpg 1 9 27 67 67
0546_0037_0031_0042_0042.jpg 1 37 31 42 42
0547_0005_0031_0061_0061.jpg 1 5 31 61 61
0548_0017_0016_0046_0046.jpg 1 17 16 46 46
0549_0040_0028_0051_0051.jpg 1 40 28 51 51
0550_0012_0031_0050_0050.jpg 1 12 31 50 50
0551_0027_0008_0052_0052.jpg 1 27 8 52 52
0552_0006_0012_0048_0048.jpg 1 6 12 48 48
0553_0051_0041_0032_0032.jpg 1 51 41 32 32
0554_0004_0010_0061_0061.jpg 1 4 10 61 61
0555_0005_0007_0045_0045.jpg 1 5 7 45 45
0556_0029_0019_0051_0051.jpg 1 29 19 51 51
0557_0028_0059_0024_0024.jpg 1 28 59 24 24
0558_0016_0043_0037_0037.jpg 1 16 43 37 37
0559_0032_0008_0025_0025.jpg 1 32 8 25 25
0560_0046_0038_0033_0033.jpg 1 46 38 33 33
0561_0020_0026_0051_0051.jpg 1 20 26 51 51
0562_0019_0024_0050_0050.jpg 1 19 24 50 50
0563_0017_0008_0039_0039.jpg 1 17 8 39 39
0564_0012_0020_0052_0052.jpg 1 12 20 52 52
0565_0024_0027_0054_0054.jpg 1 24 27 54 54
0566_0028_0034_0056_0056.jpg 1 28 34 56 56
0567_0009_0036_0053_0053.jpg 1 9 36 53 53
0568_0045_0032_0049_0049.jpg 1 45 32 49 49
0569_0030_0006_0059_0059.jpg 1 30 6 59 59
0570_0014_0013_0069_0069.jpg 1 14 13 69 69
0571_0027_0014_0060_0060.jpg 1 27 14 60 60
0572_0017_0021_0036_0036.jpg 1 17 21 36 36
0573_0032_0024_0028_0028.jpg 1 32 24 28 28
0574_0020_0004_0069_0069.jpg 1 20 4 69 69
0575_0005_0031_0046_0046.jpg 1 5 31 46 46
0576_0009_0013_0053_0053.jpg 1 9 13 53 53
0577_0028_0025_0053_0053.jpg 1 28 25 53 53
0578_0014_0039_0053_0053.jpg 1 14 39 53 53
0579_0007_0024_0069_0069.jpg 1 7 24 69 69
0580_0006_0017_0045_0045.jpg 1 6 17 45 45
0581_0018_0012_0059_0059.jpg 1 18 12 59 59
0582_0049_0008_0040_0040.jpg 1 49 8 40 40
0583_0030_0022_0065_0065.jpg 1 30 22 65 65
0584_0009_0033_0060_0060.jpg 1 9 33 60 60
0585_0038_0045_0042_0042.jpg 1 38 45 42 42
0586_0008_0052_0037_0037.jpg 1 8 52 37 37
0587_0041_0034_0025_0025.jpg 1 41 34 25 25
0588_0024_0032_0032_0032.jpg 1 24 32 32 32
0589_0043_0024_0032_0032.jpg 1 43 24 32 32
0590_0030_0005_0059_0059.jpg 1 30 5 59 59
0591_0020_0034_0033_0033.jpg 1 20 34 33 33
0592_0048_0012_0045_0045.jpg 1 48 12 45 45
0593_0019_0015_0064_0064.jpg 1 19 15 64 64
0594_0027_0023_0043_0043.jpg 1 27 23 43 43
0595_0019_0038_0056_0056.jpg 1 19 38 56 56
0596_0007_0031_0063_0063.jpg 1 7 31 63 63
0597_0033_0013_0055_0055.jpg 1 33 13 55 55
0598_0020_0033_0057_0057.jpg 1 20 33 57 57
0599_0015_0030_0043_0043.jpg 1 15 30 43 43
0600_0009_0023_0056_0056.jpg 1 9 23 56 56
0601_0015_0045_0042_0042.jpg 1 15 45 42 42
0602_0031_0009_0053_0053.jpg 1 31 9 53 53
0603_0043_0020_0027_0027.jpg 1 43 20 27 27
0604_0028_0044_0033_0033.jpg 1 28 44 33 33
0605_0029_0039_0028_0028.jpg 1 29 39 28 28
0606_0014_0024_0049_0049.jpg 1 14 24 49 49
0607_0042_0026_0027_0027.jpg 1 42 26 27 27
0608_0008_0010_0067_0067.jpg 1 8 10 67 67
0609_0037_0017_0048_0048.jpg 1 37 17 48 48
0610_0017_0031_0042_0042.jpg 1 17 31 42 42
0611_0013_0020_0063_0063.jpg 1 13 20 63 63
0612_0030_0029_0064_0064.jpg 1 30 29 64 64
0613_0051_0038_0031_0031.jpg 1 51 38 31 31
0614_0039_0043_0049_0049.jpg 1 39 43 49 49
0615_0013_0024_0030_0030.jpg 1 13 24 30 30
0616_0016_0021_0027_0027.jpg 1 16 21 27 27
0617_0010_0013_0064_0064.jpg 1 10 13 64 64
0618_0015_0011_0035_0035.jpg 1 15 11 35 35
0619_0030_0055_0024_0024.jpg 1 30 55 24 24
0620_0006_0019_0049_0049.jpg 1 6 19 49 49
0621_0030_0032_0036_0036.jpg 1 30 32 36 36
0622_0011_0021_0055_0055.jpg 1 11 21 55 55
0623_0017_0029_0044_0044.jpg 1 17 29 44 44
0624_0048_0053_0028_0028.jpg 1 48 53 28 28
0625_0051_0042_0033_0033.jpg 1 51 42 33 33
0626_0047_0031_0032_0032.jpg 1 47 31 32 32
0627_0024_0004_0064_0064.jpg 1 24 4 64 64
0628_0051_0025_0039_0039.jpg 1 51 25 39 39
0629_0025_0024_0068_0068.jpg 1 25 24 68 68
0630_0026_0013_0061_0061.jpg 1 26 13 61 61
0631_0029_0029_0062_0062.jpg 1 29 29 62 62
0632_0010_0030_0051_0051.jpg 1 10 30 51 51
0633_0011_0017_0029_0029.jpg 1 11 17 29 29
0634_0060_0026_0024_0024.jpg 1 60 26 24 24
0635_0020_0018_0061_0061.jpg 1 20 18 61 61
0636_0013_0008_0058_0058.jpg 1 13 8 58 58
0637_0064_0029_0026_0026.jpg 1 64 29 26 26
0638_0035_0028_0029_0029.jpg 1 35 28 29 29
0639_0020_0020_0064_0064.jpg 1 20 20 64 64
0640_0019_0013_0067_0067.jpg 1 19 13 67 67
0641_0025_0052_0032_0032.jpg 1 25 52 32 32
0642_0043_0054_0027_0027.jpg 1 43 54 27 27
0643_0019_0005_0063_0063.jpg 1 19 5 63 63
0644_0011_0050_0034_0034.jpg 1 11 50 34 34
0645_0014_0036_0049_0049.jpg 1 14 36 49 49
0646_0022_0025_0033_0033.jpg 1 22 25 33 33
0647_0034_0040_0042_0042.jpg 1 34 40 42 42
0648_0052_0021_0035_0035.jpg 1 52 21 35 35
0649_0042_0023_0037_0037.jpg 1 42 23 37 37
0650_0021_0010_0028_0028.jpg 1 21 10 28 28
0651_0050_0059_0030_0030.jpg 1 50 59 30 30
0652_0007_0045_0038_0038.jpg 1 7 45 38 38
0653_0027_0013_0063_0063.jpg 1 27 13 63 63
0654_0039_0041_0034_0034.jpg 1 39 41 34 34
0655_0004_0026_0058_0058.jpg 1 4 26 58 58
0656_0004_0031_0062_0062.jpg 1 4 31 62 62
0657_0009_0027_0047_0047.jpg 1 9 27 47 47
0658_0017_0025_0039_0039.jpg 1 17 25 39 39
0659_0006_0014_0032_0032.jpg 1 6 14 32 32
0660_0004_0022_0055_0055.jpg 1 4 22 55 55
0661_0036_0033_0040_0040.jpg 1 36 33 40 40
0662_0019_0047_0041_0041.jpg 1 19 47 41 41
0663_0017_0004_0061_0061.jpg 1 17 4 61 61
0664_0015_0025_0039_0039.jpg 1 15 25 39 39
0665_0049_0053_0024_0024.jpg 1 49 53 24 24
0666_0005_0022_0065_0065.jpg 1 5 22 65 65
0667_0026_0027_0062_0062.jpg 1 26 27 62 62
0668_0057_0039_0027_0027.jpg 1 57 39 27 27
0669_0013_0028_0068_0068.jpg 1 13 28 68 68
0670_0019_0019_0054_0054.jpg 1 19 19 54 54
0671_0012_0045_0040_0040.jpg 1 12 45 40 40
0672_0033_0014_0059_0059.jpg 1 33 14 59 59
0673_0029_0041_0037_0037.jpg 1 29 41 37 37
0674_0027_0041_0031_0031.jpg 1 27 41 31 31
0675_0006_0007_0063_0063.jpg 1 6 7 63 63
0676_0011_0018_0048_0048.jpg 1 11 18 48 48
0677_0007_0014_0050_0050.jpg 1 7 14 50 50
0678_0015_0031_0033_0033.jpg 1 15 31 33 33
0679_0005_0010_0056_0056.jpg 1 5 10 56 56
0680_0008_0052_0040_0040.jpg 1 8 52 40 40
0681_0019_0023_0063_0063.jpg 1 19 23 63 63
0682_0028_0044_0042_0042.jpg 1 28 44 42 42
0683_0042_0044_0042_0042.jpg 1 42 44 42 42
0684_0038_0056_0025_0025.jpg 1 38 56 25 25
0685_0014_0009_0041_0041.jpg 1 14 9 41 41
0686_0015_0007_0062_0062.jpg 1 15 7 62 62
0687_0021_0033_0061_0061.jpg 1 21 33 61 61
0688_0039_0022_0048_0048.jpg 1 39 22 48 48
0689_0039_0009_0056_0056.jpg 1 39 9 56 56
0690_0036_0027_0041_0041.jpg 1 36 27 41 41
0691_0007_0025_0031_0031.jpg 1 7 25 31 31
0692_0016_0037_0052_0052.jpg 1 16 37 52 52
0693_0029_0051_0032_0032.jpg 1 29 51 32 32
0694_0010_0034_0050_0050.jpg 1 10 34 50 50
0695_0007_0047_0046_0046.jpg 1 7 47 46 46
0696_0026_0024_0044_0044.jpg 1 26 24 44 44
0697_0007_0037_0042_0042.jpg 1 7 37 42 42
0698_0049_0030_0036_0036.jpg 1 49 30 36 36
0699_0032_0038_0031_0031.jpg 1 32 38 31 31
0700_0020_0023_0067_0067.jpg 1 20 23 67 67
0701_0029_0003_0063_0063.jpg 1 29 3 63 63
0702_0022_0038_0057_0057.jpg 1 22 38 57 57
0703_0036_0022_0056_0056.jpg 1 36 22 56 56
0704_0017_0036_0059_0059.jpg 1 17 36 59 59
0705_0034_0026_0045_0045.jpg 1 34 26 45 45
0706_0009_0017_0064_0064.jpg 1 9 17 64 64
0707_0033_0026_0034_0034.jpg 1 33 26 34 34
0708_0017_0012_0066_0066.jpg 1 17 12 66 66
0709_0042_0028_0043_0043.jpg 1 42 28 43 43
0710_0018_0016_0067_0067.jpg 1 18 16 67 67
0711_0052_0033_0026_0026.jpg 1 52 33 26 26
0712_0007_0044_0026_0026.jpg 1 7 44 26 26
0713_0018_0017_0049_0049.jpg 1 18 17 49 49
0714_0033_0012_0052_0052.jpg 1 33 12 52 52
0715_0033_0036_0027_0027.jpg 1 33 36 27 27
0716_0012_0009_0067_0067.jpg 1 12 9 67 67
0717_0051_0028_0032_0032.jpg 1 51 28 32 32
0718_0021_0024_0067_0067.jpg 1 21 24 67 67
0719_0040_0027_0033_0033.jpg 1 40 27 33 33
0720_0041_0054_0028_0028.jpg 1 41 54 28 28
0721_0024_0009_0066_0066.jpg 1 24 9 66 66
0722_0005_0024_0060_0060.jpg 1 5 24 60 60
0723_0018_0014_0061_0061.jpg 1 18 14 61 61
0724_0020_0011_0063_0063.jpg 1 20 11 63 63
0725_0015_0012_0057_0057.jpg 1 15 12 57 57
0726_0032_0021_0043_0043.jpg 1 32 21 43 43
0727_0005_0007_0069_0069.jpg 1 5 7 69 69
0728_0037_0023_0053_0053.jpg 1 37 23 53 53
0729_0008_0010_0067_0067.jpg 1 8 10 67 67
0730_0041_0066_0024_0024.jpg 1 41 66 24 24
0731_0025_0022_0059_0059.jpg 1 25 22 59 59
0732_0060_0018_0029_0029.jpg 1 60 18 29 29
0733_0034_0049_0038_0038.jpg 1 34 49 38 38
0734_0009_0023_0069_0069.jpg 1 9 23 69 69
0735_0011_0027_0061_0061.jpg 1 11 27 61 61
0736_0041_0011_0053_0053.jpg 1 41 11 53 53
0737_0010_0018_0069_0069.jpg 1 10 18 69 69
0738_0016_0026_0041_0041.jpg 1 16 26 41 41
0739_0007_0016_0061_0061.jpg 1 7 16 61 61
0740_0020_0005_0065_0065.jpg 1 20 5 65 65
0741_0014_0013_0061_0061.jpg 1 14 13 61 61
0742_0056_0043_0034_0034.jpg 1 56 43 34 34
0743_0054_0044_0027_0027.jpg 1 54 44 27 27
0744_0021_0008_0058_0058.jpg 1 21 8 58 58
0745_0007_0003_0064_0064.jpg 1 7 3 64 64
0746_0058_0050_0030_0030.jpg 1 58 50 30 30
0747_0034_0008_0049_0049.jpg 1 34 8 49 49
0748_0034_0032_0034_0034.jpg 1 34 32 34 34
0749_0025_0039_0050_0050.jpg 1 25 39 50 50
0750_0024_0026_0046_0046.jpg 1 24 26 46 46
0751_0038_0031_0040_0040.jpg 1 38 31 40 40
0752_0021_0018_0069_0069.jpg 1 21 18 69 69
0753_0010_0044_0047_0047.jpg 1 10 44 47 47
0754_0010_0028_0048_0048.jpg 1 10 28 48 48
0755_0022_0007_0041_0041.jpg 1 22 7 41 41
0756_0037_0040_0036_0036.jpg 1 37 40 36 36
0757_0034_0040_0049_0049.jpg 1 34 40 49 49
0758_0056_0024_0027_0027.jpg 1 56 24 27 27
0759_0024_0017_0068_0068.jpg 1 24 17 68 68
0760_0046_0008_0041_0041.jpg 1 46 8 41 41
0761_0027_0005_0060_0060.jpg 1 27 5 60 60
0762_0029_0026_0050_0050.jpg 1 29 26 50 50
0763_0050_0046_0038_0038.jpg 1 50 46 38 38
0764_0034_0031_0044_0044.jpg 1 34 31 44 44
0765_0066_0064_0026_0026.jpg 1 66 64 26 26
0766_0033_0027_0057_0057.jpg 1 33 27 57 57
0767_0049_0046_0031_0031.jpg 1 49 46 31 31
0768_0034_0007_0043_0043.jpg 1 34 7 43 43
0769_0039_0046_0048_0048.jpg 1 39 46 48 48
0770_0019_0048_0045_0045.jpg 1 19 48 45 45
0771_0021_0022_0069_0069.jpg 1 21 22 69 69
0772_0051_0037_0038_0038.jpg 1 51 37 38 38
0773_0018_0028_0057_0057.jpg 1 18 28 57 57
0774_0015_0026_0069_0069.jpg 1 15 26 69 69
0775_0017_0026_0033_0033.jpg 1 17 26 33 33
0776_0040_0013_0049_0049.jpg 1 40 13 49 49
0777_0046_0059_0024_0024.jpg 1 46 59 24 24
0778_0021_0021_0037_0037.jpg 1 21 21 37 37
0779_0038_0009_0054_0054.jpg 1 38 9 54 54
0780_0010_0014_0036_0036.jpg 1 10 14 36 36
0781_0019_0005_0051_0051.jpg 1 19 5 51 51
0782_0016_0041_0038_0038.jpg 1 16 41 38 38
0783_0017_0021_0038_0038.jpg 1 17 21 38 38
0784_0011_0027_0067_0067.jpg 1 11 27 67 67
0785_0014_0006_0053_0053.jpg 1 14 6 53 53
0786_0029_0009_0052_0052.jpg 1 29 9 52 52
0787_0022_0011_0068_0068.jpg 1 22 11 68 68
0788_0021_0019_0053_0053.jpg 1 21 19 53 53
0789_0052_0011_0038_0038.jpg 1 52 11 38 38
0790_0022_0031_0037_0037.jpg 1 22 31 37 37
0791_0039_0014_0036_0036.jpg 1 39 14 36 36
0792_0025_0036_0058_0058.jpg 1 25 36 58 58
0793_0028_0013_0062_0062.jpg 1 28 13 62 62
0794_0020_0027_0054_0054.jpg 1 20 27 54 54
0795_0031_0053_0036_0036.jpg 1 31 53 36 36
0796_0008_0010_0055_0055.jpg 1 8 10 55 55
0797_0018_0045_0049_0049.jpg 1 18 45 49 49
0798_0009_0054_0031_0031.jpg 1 9 54 31 31
0799_0007_0028_0067_0067.jpg 1 7 28 67 67
0800_0035_0029_0060_0060.jpg 1 35 29 60 60
0801_0020_0028_0064_0064.jpg 1 20 28 64 64
0802_0014_0035_0051_0051.jpg 1 14 35 51 51
0803_0029_0011_0062_0062.jpg 1 29 11 62 62
0804_0011_0012_0063_0063.jpg 1 11 12 63 63
0805_0012_0021_0052_0052.jpg 1 12 21 52 52
0806_0016_0018_0036_0036.jpg 1 16 18 36 36
0807_0037_0036_0027_0027.jpg 1 37 36 27 27
0808_0039_0028_0049_0049.jpg 1 39 28 49 49
0809_0024_0011_0069_0069.jpg 1 24 11 69 69
0810_0039_0012_0049_0049.jpg 1 39 12 49 49
0811_0016_0041_0049_0049.jpg 1 16 41 49 49
0812_0028_0024_0056_0056.jpg 1 28 24 56 56
0813_0008_0030_0064_0064.jpg 1 8 30 64 64
0814_0015_0024_0038_0038.jpg 1 15 24 38 38
0815_0044_0037_0049_0049.jpg 1 44 37 49 49
0816_0051_0051_0026_0026.jpg 1 51 51 26 26
0817_0022_0033_0062_0062.jpg 1 22 33 62 62
0818_0005_0016_0046_0046.jpg 1 5 16 46 46
0819_0007_0033_0041_0041.jpg 1 7 33 41 41
0820_0025_0037_0055_0055.jpg 1 25 37 55 55
0821_0009_0032_0049_0049.jpg 1 9 32 49 49
0822_0025_0063_0028_0028.jpg 1 25 63 28 28
0823_0028_0023_0066_0066.jpg 1 28 23 66 66
0824_0029_0036_0054_0054.jpg 1 29 36 54 54
0825_0034_0042_0032_0032.jpg 1 34 42 32 32
0826_0013_0008_0035_0035.jpg 1 13 8 35 35
0827_0015_0029_0032_0032.jpg 1 15 29 32 32
0828_0052_0013_0033_0033.jpg 1 52 13 33 33
0829_0046_0036_0036_0036.jpg 1 46 36 36 36
0830_0014_0021_0042_0042.jpg 1 14 21 42 42
0831_0036_0054_0039_0039.jpg 1 36 54 39 39
0832_0009_0009_0044_0044.jpg 1 9 9 44 44
0833_0034_0048_0041_0041.jpg 1 34 48 41 41
0834_0057_0042_0029_0029.jpg 1 57 42 29 29
0835_0036_0011_0051_0051.jpg 1 36 11 51 51
0836_0016_0006_0044_0044.jpg 1 16 6 44 44
0837_0008_0011_0064_0064.jpg 1 8 11 64 64
0838_0007_0058_0029_0029.jpg 1 7 58 29 29
0839_0022_0020_0054_0054.jpg 1 22 20 54 54
0840_0011_0029_0047_0047.jpg 1 11 29 47 47
0841_0043_0035_0049_0049.jpg 1 43 35 49 49
0842_0024_0023_0040_0040.jpg 1 24 23 40 40
0843_0032_0019_0051_0051.jpg 1 32 19 51 51
0844_0042_0041_0037_0037.jpg 1 42 41 37 37
0845_0020_0052_0035_0035.jpg 1 20 52 35 35
0846_0032_0006_0061_0061.jpg 1 32 6 61 61
0847_0025_0013_0055_0055.jpg 1 25 13 55 55
0848_0030_0029_0033_0033.jpg 1 30 29 33 33
0849_0021_0044_0036_0036.jpg 1 21 44 36 36
0850_0017_0016_0061_0061.jpg 1 17 16 61 61
0851_0010_0024_0065_0065.jpg 1 10 24 65 65
0852_0017_0034_0025_0025.jpg 1 17 34 25 25
0853_0031_0031_0059_0059.jpg 1 31 31 59 59
0854_0036_0037_0048_0048.jpg 1 36 37 48 48
0855_0051_0011_0040_0040.jpg 1 51 11 40 40
0856_0065_0018_0024_0024.jpg 1 65 18 24 24
0857_0019_0028_0067_0067.jpg 1 19 28 67 67
0858_0037_0046_0039_0039.jpg 1 37 46 39 39
0859_0035_0059_0028_0028.jpg 1 35 59 28 28
0860_0047_0027_0024_0024.jpg 1 47 27 24 24
0861_0023_0006_0067_0067.jpg 1 23 6 67 67
0862_0022_0012_0049_0049.jpg 1 22 12 49 49
0863_0032_0020_0063_0063.jpg 1 32 20 63 63
0864_0044_0029_0029_0029.jpg 1 44 29 29 29
0865_0005_0022_0064_0064.jpg 1 5 22 64 64
0866_0020_0047_0026_0026.jpg 1 20 47 26 26
0867_0011_0027_0048_0048.jpg 1 11 27 48 48
0868_0044_0024_0044_0044.jpg 1 44 24 44 44
0869_0024_0021_0066_0066.jpg 1 24 21 66 66
0870_0028_0026_0052_0052.jpg 1 28 26 52 52
0871_0041_0038_0039_0039.jpg 1 41 38 39 39
0872_0024_0007_0065_0065.jpg 1 24 7 65 65
0873_0036_0007_0057_0057.jpg 1 36 7 57 57
0874_0031_0009_0046_0046.jpg 1 31 9 46 46
0875_0036_0026_0038_0038.jpg 1 36 26 38 38
0876_0041_0023_0053_0053.jpg 1 41 23 53 53
0877_0020_0025_0056_0056.jpg 1 20 25 56 56
0878_0037_0009_0029_0029.jpg 1 37 9 29 29
0879_0019_0006_0064_0064.jpg 1 19 6 64 64
0880_0006_0025_0060_0060.jpg 1 6 25 60 60
0881_0010_0017_0032_0032.jpg 1 10 17 32 32
0882_0016_0020_0065_0065.jpg 1 16 20 65 65
0883_0040_0022_0051_0051.jpg 1 40 22 51 51
0884_0034_0014_0060_0060.jpg 1 34 14 60 60
0885_0022_0020_0037_0037.jpg 1 22 20 37 37
0886_0029_0021_0064_0064.jpg 1 29 21 64 64
0887_0016_0029_0066_0066.jpg 1 16 29 66 66
0888_0010_0027_0039_0039.jpg 1 10 27 39 39
0889_0029_0016_0058_0058.jpg 1 29 16 58 58
0890_0020_0028_0039_0039.jpg 1 20 28 39 39
0891_0011_0010_0061_0061.jpg 1 11 10 61 61
0892_0033_0032_0052_0052.jpg 1 33 32 52 52
0893_0026_0014_0026_0026.jpg 1 26 14 26 26
0894_0038_0009_0042_0042.jpg 1 38 9 42 42
0895_0042_0037_0039_0039.jpg 1 42 37 39 39
0896_0009_0036_0054_0054.jpg 1 9 36 54 54
0897_0008_0010_0036_0036.jpg 1 8 10 36 36
0898_0039_0045_0029_0029.jpg 1 39 45 29 29
0899_0027_0015_0047_0047.jpg 1 27 15 47 47
0900_0052_0013_0034_0034.jpg 1 52 13 34 34
0901_0043_0037_0031_0031.jpg 1 43 37 31 31
0902_0032_0027_0061_0061.jpg 1 32 27 61 61
0903_0009_0014_0064_0064.jpg 1 9 14 64 64
0904_0004_0016_0064_0064.jpg 1 4 16 64 64
0905_0038_0025_0048_0048.jpg 1 38 25 48 48
0906_0046_0034_0047_0047.jpg 1 46 34 47 47
0907_0011_0030_0026_0026.jpg 1 11 30 26 26
0908_0025_0031_0064_0064.jpg 1 25 31 64 64
0909_0009_0024_0066_0066.jpg 1 9 24 66 66
0910_0028_0005_0063_0063.jpg 1 28 5 63 63
0911_0026_0033_0041_0041.jpg 1 26 33 41 41
0912_0042_0041_0042_0042.jpg 1 42 41 42 42
0913_0023_0023_0058_0058.jpg 1 23 23 58 58
0914_0015_0013_0066_0066.jpg 1 15 13 66 66
0915_0051_0042_0036_0036.jpg 1 51 42 36 36
0916_0022_0023_0066_0066.jpg 1 22 23 66 66
0917_0011_0022_0034_0034.jpg 1 11 22 34 34
0918_0048_0043_0037_0037.jpg 1 48 43 37 37
0919_0020_0027_0036_0036.jpg 1 20 27 36 36
0920_0028_0006_0044_0044.jpg 1 28 6 44 44
0921_0006_0024_0055_0055.jpg 1 6 24 55 55
0922_0015_0028_0065_0065.jpg 1 15 28 65 65
0923_0007_0026_0041_0041.jpg 1 7 26 41 41
0924_0015_0031_0039_0039.jpg 1 15 31 39 39
0925_0026_0023_0048_0048.jpg 1 26 23 48 48
0926_0029_0006_0055_0055.jpg 1 29 6 55 55
0927_0031_0028_0065_0065.jpg 1 31 28 65 65
0928_0030_0030_0065_0065.jpg 1 30 30 65 65
0929_0038_0025_0031_0031.jpg 1 38 25 31 31
0930_0005_0019_0067_0067.jpg 1 5 19 67 67
0931_0011_0048_0035_0035.jpg 1 11 48 35 35
0932_0039_0025_0053_0053.jpg 1 39 25 53 53
0933_0009_0006_0048_0048.jpg 1 9 6 48 48
0934_0021_0032_0060_0060.jpg 1 21 32 60 60
0935_0044_0040_0027_0027.jpg 1 44 40 27 27
0936_0018_0005_0049_0049.jpg 1 18 5 49 49
0937_0033_0030_0040_0040.jpg 1 33 30 40 40
0938_0017_0004_0069_0069.jpg 1 17 4 69 69
0939_0013_0048_0042_0042.jpg 1 13 48 42 42
0940_0021_0018_0069_0069.jpg 1 21 18 69 69
0941_0048_0024_0024_0024.jpg 1 48 24 24 24
0942_0039_0039_0052_0052.jpg 1 39 39 52 52
0943_0012_0023_0058_0058.jpg 1 12 23 58 58
0944_0009_0034_0032_0032.jpg 1 9 34 32 32
0945_0005_0029_0051_0051.jpg 1 5 29 51 51
0946_0013_0031_0029_0029.jpg 1 13 31 29 29
0947_0029_0035_0034_0034.jpg 1 29 35 34 34
0948_0010_0012_0051_0051.jpg 1 10 12 51 51
0949_0003_0023_0065_0065.jpg 1 3 23 65 65
0950_0029_0035_0025_0025.jpg 1 29 35 25 25
0951_0041_0025_0047_0047.jpg 1 41 25 47 47
0952_0006_0021_0058_0058.jpg 1 6 21 58 58
0953_0022_0031_0050_0050.jpg 1 22 31 50 50
0954_0021_0011_0063_0063.jpg 1 21 11 63 63
0955_0059_0015_0030_0030.jpg 1 59 15 30 30
0956_0023_0007_0051_0051.jpg 1 23 7 51 51
0957_0033_0011_0039_0039.jpg 1 33 11 39 39
0958_0012_0037_0058_0058.jpg 1 12 37 58 58
0959_0010_0026_0039_0039.jpg 1 10 26 39 39
0960_0034_0029_0030_0030.jpg 1 34 29 30 30
0961_0016_0010_0053_0053.jpg 1 16 10 53 53
0962_0024_0026_0056_0056.jpg 1 24 26 56 56
0963_0039_0046_0047_0047.jpg 1 39 46 47 47
0964_0008_0041_0046_0046.jpg 1 8 41 46 46
0965_0007_0008_0060_0060.jpg 1 7 8 60 60
0966_0012_0042_0047_0047.jpg 1 12 42 47 47
0967_0009_0027_0049_0049.jpg 1 9 27 49 49
0968_0015_0021_0061_0061.jpg 1 15 21 61 61
0969_0016_0023_0037_0037.jpg 1 16 23 37 37
0970_0036_0010_0059_0059.jpg 1 36 10 59 59
0971_0032_0032_0042_0042.jpg 1 32 32 42 42
0972_0020_0024_0054_0054.jpg 1 20 24 54 54
0973_0015_0010_0051_0051.jpg 1 15 10 51 51
0974_0027_0024_0065_0065.jpg 1 27 24 65 65
0975_0010_0018_0044_0044.jpg 1 10 18 44 44
0976_0035_0016_0051_0051.jpg 1 35 16 51 51
0977_0037_0017_0035_0035.jpg 1 37 17 35 35
0978_0029_0024_0067_0067.jpg 1 29 24 67 67
0979_0035_0030_0035_0035.jpg 1 35 30 35 35
0980_0017_0018_0047_0047.jpg 1 17 18 47 47
0981_0026_0012_0043_0043.jpg 1 26 12 43 43
0982_0012_0021_0051_0051.jpg 1 12 21 51 51
0983_0018_0026_0054_0054.jpg 1 18 26 54 54
0984_0014_0011_0063_0063.jpg 1 14 11 63 63
0985_0056_0015_0029_0029.jpg 1 56 15 29 29
0986_0008_0011_0058_0058.jpg 1 8 11 58 58
0987_0021_0008_0069_0069.jpg 1 21 8 69 69
0988_0022_0008_0056_0056.jpg 1 22 8 56 56
0989_0020_0004_0069_0069.jpg 1 20 4 69 69
0990_0014_0017_0066_0066.jpg 1 14 17 66 66
0991_0005_0021_0068_0068.jpg 1 5 21 68 68
0992_0016_0032_0026_0026.jpg 1 16 32 26 26
0993_0042_0036_0036_0036.jpg 1 42 36 36 36
0994_0034_0035_0025_0025.jpg 1 34 35 25 25
0995_0018_0014_0042_0042.jpg 1 18 14 42 42
0996_0028_0005_0066_0066.jpg 1 28 5 66 66
0997_0015_0025_0062_0062.jpg 1 15 25 62 62
0998_0053_0057_0032_0032.jpg 1 53 57 32 32
0999_0018_0033_0031_0031.jpg 1 18 33 31 31
1000_0035_0039_0055_0055.jpg 1 35 39 55 55
1001_0022_0021_0047_0047.jpg 1 22 21 47 47
1002_0020_0036_0026_0026.jpg 1 20 36 26 26
1003_0029_0024_0051_0051.jpg 1 29 24 51 51
1004_0035_0050_0027_0027.jpg 1 35 50 27 27
1005_0027_0023_0058_0058.jpg 1 27 23 58 58
1006_0053_0030_0038_0038.jpg 1 53 30 38 38
1007_0011_0023_0069_0069.jpg 1 11 23 69 69
1008_0042_0053_0027_0027.jpg 1 42 53 27 27
1009_0012_0011_0035_0035.jpg 1 12 11 35 35
1010_0036_0009_0041_0041.jpg 1 36 9 41 41
1011_0028_0004_0057_0057.jpg 1 28 4 57 57
1012_0032_0008_0049_0049.jpg 1 32 8 49 49
1013_0015_0016_0051_0051.jpg 1 15 16 51 51
1014_0025_0041_0026_0026.jpg 1 25 41 26 26
1015_0015_0005_0055_0055.jpg 1 15 5 55 55
1016_0039_0012_0045_0045.jpg 1 39 12 45 45
1017_0026_0010_0025_0025.jpg 1 26 10 25 25
1018_0027_0007_0033_0033.jpg 1 27 7 33 33
1019_0026_0019_0038_0038.jpg 1 26 19 38 38
1020_0033_0025_0058_0058.jpg 1 33 25 58 58
1021_0029_0038_0029_0029.jpg 1 29 38 29 29
1022_0006_0018_0047_0047.jpg 1 6 18 47 47
1023_0036_0028_0058_0058.jpg 1 36 28 58 58
1024_0048_0029_0046_0046.jpg 1 48 29 46 46
1025_0021_0055_0031_0031.jpg 1 21 55 31 31
1026_0032_0015_0056_0056.jpg 1 32 15 56 56
1027_0006_0014_0046_0046.jpg 1 6 14 46 46
1028_0032_0027_0059_0059.jpg 1 32 27 59 59
1029_0006_0020_0057_0057.jpg 1 6 20 57 57
1030_0003_0022_0065_0065.jpg 1 3 22 65 65
1031_0024_0049_0031_0031.jpg 1 24 49 31 31
1032_0008_0013_0066_0066.jpg 1 8 13 66 66
1033_0040_0020_0054_0054.jpg 1 40 20 54 54
1034_0029_0007_0046_0046.jpg 1 29 7 46 46
1035_0016_0036_0050_0050.jpg 1 16 36 50 50
1036_0019_0004_0069_0069.jpg 1 19 4 69 69
1037_0029_0024_0039_0039.jpg 1 29 24 39 39
1038_0007_0024_0051_0051.jpg 1 7 24 51 51
1039_0012_0047_0034_0034.jpg 1 12 47 34 34
1040_0015_0018_0039_0039.jpg 1 15 18 39 39
1041_0042_0012_0043_0043.jpg 1 42 12 43 43
1042_0012_0030_0058_0058.jpg 1 12 30 58 58
1043_0039_0029_0046_0046.jpg 1 39 29 46 46
1044_0035_0005_0049_0049.jpg 1 35 5 49 49
1045_0012_0015_0051_0051.jpg 1 12 15 51 51
1046_0041_0017_0026_0026.jpg 1 41 17 26 26
1047_0008_0026_0043_0043.jpg 1 8 26 43 43
1048_0004_0031_0065_0065.jpg 1 4 31 65 65
1049_0018_0005_0057_0057.jpg 1 18 5 57 57
1050_0024_0006_0065_0065.jpg 1 24 6 65 65
1051_0060_0031_0025_0025.jpg 1 60 31 25 25
1052_0017_0038_0050_0050.jpg 1 17 38 50 50
1053_0037_0010_0032_0032.jpg 1 37 10 32 32
1054_0016_0012_0064_0064.jpg 1 16 12 64 64
1055_0009_0029_0065_0065.jpg 1 9 29 65 65
1056_0057_0039_0029_0029.jpg 1 57 39 29 29
1057_0012_0012_0050_0050.jpg 1 12 12 50 50
1058_0016_0018_0061_0061.jpg 1 16 18 61 61
1059_0037_0036_0049_0049.jpg 1 37 36 49 49
1060_0032_0025_0042_0042.jpg 1 32 25 42 42
1061_0028_0004_0059_0059.jpg 1 28 4 59 59
1062_0020_0017_0065_0065.jpg 1 20 17 65 65
1063_0007_0015_0044_0044.jpg 1 7 15 44 44
1064_0046_0060_0031_0031.jpg 1 46 60 31 31
1065_0040_0059_0028_0028.jpg 1 40 59 28 28
1066_0052_0051_0032_0032.jpg 1 52 51 32 32
1067_0022_0031_0045_0045.jpg 1 22 31 45 45
1068_0020_0010_0053_0053.jpg 1 20 10 53 53
1069_0030_0021_0024_0024.jpg 1 30 21 24 24
1070_0015_0012_0038_0038.jpg 1 15 12 38 38
1071_0019_0033_0043_0043.jpg 1 19 33 43 43
1072_0016_0008_0069_0069.jpg 1 16 8 69 69
1073_0058_0021_0031_0031.jpg 1 58 21 31 31
1074_0023_0014_0047_0047.jpg 1 23 14 47 47
1075_0019_0019_0060_0060.jpg 1 19 19 60 60
1076_0028_0023_0068_0068.jpg 1 28 23 68 68
1077_0054_0026_0030_0030.jpg 1 54 26 30 30
1078_0034_0020_0045_0045.jpg 1 34 20 45 45
1079_0016_0018_0069_0069.jpg 1 16 18 69 69
1080_0064_0021_0027_0027.jpg 1 64 21 27 27
1081_0029_0024_0057_0057.jpg 1 29 24 57 57
1082_0037_0047_0046_0046.jpg 1 37 47 46 46
1083_0011_0049_0030_0030.jpg 1 11 49 30 30
1084_0022_0021_0064_0064.jpg 1 22 21 64 64
1085_0013_0035_0058_0058.jpg 1 13 35 58 58
1086_0013_0020_0047_0047.jpg 1 13 20 47 47
1087_0031_0006_0046_0046.jpg 1 31 6 46 46
1088_0024_0044_0049_0049.jpg 1 24 44 49 49
1089_0038_0032_0049_0049.jpg 1 38 32 49 49
1090_0010_0005_0058_0058.jpg 1 10 5 58 58
1091_0031_0038_0040_0040.jpg 1 31 38 40 40
1092_0022_0028_0057_0057.jpg 1 22 28 57 57
1093_0007_0006_0059_0059.jpg 1 7 6 59 59
1094_0024_0006_0045_0045.jpg 1 24 6 45 45
1095_0005_0022_0062_0062.jpg 1 5 22 62 62
1096_0008_0014_0069_0069.jpg 1 8 14 69 69
1097_0047_0017_0040_0040.jpg 1 47 17 40 40
1098_0021_0012_0053_0053.jpg 1 21 12 53 53
1099_0019_0015_0053_0053.jpg 1 19 15 53 53
1100_0030_0030_0026_0026.jpg 1 30 30 26 26
1101_0040_0015_0040_0040.jpg 1 40 15 40 40
1102_0028_0043_0034_0034.jpg 1 28 43 34 34
1103_0029_0022_0055_0055.jpg 1 29 22 55 55
1104_0015_0021_0030_0030.jpg 1 15 21 30 30
1105_0007_0038_0046_0046.jpg 1 7 38 46 46
1106_0023_0021_0044_0044.jpg 1 23 21 44 44
1107_0014_0035_0060_0060.jpg 1 14 35 60 60
1108_0017_0007_0043_0043.jpg 1 17 7 43 43
1109_0034_0007_0034_0034.jpg 1 34 7 34 34
1110_0030_0017_0045_0045.jpg 1 30 17 45 45
1111_0010_0044_0038_0038.jpg 1 10 44 38 38
1112_0022_0012_0069_0069.jpg 1 22 12 69 69
1113_0027_0026_0067_0067.jpg 1 27 26 67 67
1114_0066_0054_0025_0025.jpg 1 66 54 25 25
1115_0029_0017_0041_0041.jpg 1 29 17 41 41
1116_0027_0035_0060_0060.jpg 1 27 35 60 60
1117_0038_0037_0042_0042.jpg 1 38 37 42 42
1118_0029_0015_0062_0062.jpg 1 29 15 62 62
1119_0012_0008_0047_0047.jpg 1 12 8 47 47
1120_0020_0021_0039_0039.jpg 1 20 21 39 39
1121_0044_0033_0050_0050.jpg 1 44 33 50 50
1122_0017_0018_0032_0032.jpg 1 17 18 32 32
1123_0027_0023_0068_0068.jpg 1 27 23 68 68
1124_0005_0017_0066_0066.jpg 1 5 17 66 66
1125_0014_0028_0055_0055.jpg 1 14 28 55 55
1126_0009_0004_0066_0066.jpg 1 9 4 66 66
1127_0015_0015_0053_0053.jpg 1 15 15 53 53
1128_0014_0041_0053_0053.jpg 1 14 41 53 53
1129_0014_0027_0042_0042.jpg 1 14 27 42 42
1130_0056_0049_0032_0032.jpg 1 56 49 32 32
1131_0033_0006_0048_0048.jpg 1 33 6 48 48
1132_0015_0035_0035_0035.jpg 1 15 35 35 35
1133_0019_0026_0064_0064.jpg 1 19 26 64 64
1134_0037_0059_0024_0024.jpg 1 37 59 24 24
1135_0011_0021_0060_0060.jpg 1 11 21 60 60
1136_0005_0023_0067_0067.jpg 1 5 23 67 67
1137_0027_0005_0056_0056.jpg 1 27 5 56 56
1138_0030_0008_0042_0042.jpg 1 30 8 42 42
1139_0009_0017_0049_0049.jpg 1 9 17 49 49
1140_0038_0014_0045_0045.jpg 1 38 14 45 45
1141_0006_0013_0068_0068.jpg 1 6 13 68 68
1142_0013_0019_0044_0044.jpg 1 13 19 44 44
1143_0015_0006_0067_0067.jpg 1 15 6 67 67
1144_0064_0031_0026_0026.jpg 1 64 31 26 26
1145_0035_0036_0031_0031.jpg 1 35 36 31 31
1146_0010_0014_0046_0046.jpg 1 10 14 46 46
1147_0023_0028_0053_0053.jpg 1 23 28 53 53
1148_0030_0037_0039_0039.jpg 1 30 37 39 39
1149_0019_0007_0068_0068.jpg 1 19 7 68 68
1150_0018_0013_0032_0032.jpg 1 18 13 32 32
1151_0028_0019_0064_0064.jpg 1 28 19 64 64
1152_0031_0008_0051_0051.jpg 1 31 8 51 51
1153_0024_0037_0053_0053.jpg 1 24 37 53 53
1154_0008_0024_0068_0068.jpg 1 8 24 68 68
1155_0017_0009_0024_0024.jpg 1 17 9 24 24
1156_0014_0035_0060_0060.jpg 1 14 35 60 60
1157_0051_0034_0040_0040.jpg 1 51 34 40 40
1158_0037_0052_0025_0025.jpg 1 37 52 25 25
1159_0024_0032_0061_0061.jpg 1 24 32 61 61
1160_0025_0039_0056_0056.jpg 1 25 39 56 56
1161_0048_0052_0034_0034.jpg 1 48 52 34 34
1162_0017_0015_0064_0064.jpg 1 17 15 64 64
1163_0041_0008_0051_0051.jpg 1 41 8 51 51
1164_0014_0043_0029_0029.jpg 1 14 43 29 29
1165_0014_0030_0036_0036.jpg 1 14 30 36 36
1166_0009_0008_0040_0040.jpg 1 9 8 40 40
1167_0008_0022_0055_0055.jpg 1 8 22 55 55
1168_0022_0009_0052_0052.jpg 1 22 9 52 52
1169_0011_0032_0062_0062.jpg 1 11 32 62 62
1170_0047_0038_0028_0028.jpg 1 47 38 28 28
1171_0024_0053_0029_0029.jpg 1 24 53 29 29
1172_0012_0022_0068_0068.jpg 1 12 22 68 68
1173_0016_0007_0042_0042.jpg 1 16 7 42 42
1174_0024_0004_0062_0062.jpg 1 24 4 62 62
1175_0021_0036_0056_0056.jpg 1 21 36 56 56
1176_0005_0025_0060_0060.jpg 1 5 25 60 60
1177_0012_0011_0057_0057.jpg 1 12 11 57 57
1178_0019_0028_0038_0038.jpg 1 19 28 38 38
1179_0048_0067_0025_0025.jpg 1 48 67 25 25
1180_0032_0024_0059_0059.jpg 1 32 24 59 59
1181_0009_0044_0041_0041.jpg 1 9 44 41 41
1182_0033_0056_0035_0035.jpg 1 33 56 35 35
1183_0044_0024_0027_0027.jpg 1 44 24 27 27
1184_0023_0007_0029_0029.jpg 1 23 7 29 29
1185_0006_0040_0052_0052.jpg 1 6 40 52 52
1186_0004_0007_0061_0061.jpg 1 4 7 61 61
1187_0033_0052_0038_0038.jpg 1 33 52 38 38
1188_0021_0015_0050_0050.jpg 1 21 15 50 50
1189_0016_0023_0060_0060.jpg 1 16 23 60 60
1190_0022_0056_0030_0030.jpg 1 22 56 30 30
1191_0027_0011_0032_0032.jpg 1 27 11 32 32
1192_0007_0023_0045_0045.jpg 1 7 23 45 45
1193_0049_0032_0024_0024.jpg 1 49 32 24 24
1194_0031_0044_0029_0029.jpg 1 31 44 29 29
1195_0022_0045_0044_0044.jpg 1 22 45 44 44
1196_0036_0022_0053_0053.jpg 1 36 22 53 53
1197_0027_0011_0029_0029.jpg 1 27 11 29 29
1198_0007_0011_0067_0067.jpg 1 7 11 67 67
1199_0013_0005_0047_0047.jpg 1 13 5 47 47
1200_0013_0024_0051_0051.jpg 1 13 24 51 51
1201_0005_0022_0068_0068.jpg 1 5 22 68 68
1202_0009_0037_0047_0047.jpg 1 9 37 47 47
1203_0023_0004_0068_0068.jpg 1 23 4 68 68
1204_0015_0006_0067_0067.jpg 1 15 6 67 67
1205_0017_0020_0046_0046.jpg 1 17 20 46 46
1206_0023_0040_0036_0036.jpg 1 23 40 36 36
1207_0043_0054_0034_0034.jpg 1 43 54 34 34
1208_0055_0008_0024_0024.jpg 1 55 8 24 24
1209_0032_0040_0044_0044.jpg 1 32 40 44 44
1210_0025_0053_0038_0038.jpg 1 25 53 38 38
1211_0038_0042_0046_0046.jpg 1 38 42 46 46
1212_0025_0024_0062_0062.jpg 1 25 24 62 62
1213_0007_0042_0050_0050.jpg 1 7 42 50 50
1214_0040_0021_0044_0044.jpg 1 40 21 44 44
1215_0022_0036_0027_0027.jpg 1 22 36 27 27
1216_0032_0017_0059_0059.jpg 1 32 17 59 59
1217_0008_0026_0063_0063.jpg 1 8 26 63 63
1218_0017_0024_0060_0060.jpg 1 17 24 60 60
1219_0010_0016_0053_0053.jpg 1 10 16 53 53
1220_0016_0032_0053_0053.jpg 1 16 32 53 53
1221_0046_0047_0035_0035.jpg 1 46 47 35 35
1222_0042_0039_0029_0029.jpg 1 42 39 29 29
1223_0063_0035_0028_0028.jpg 1 63 35 28 28
1224_0024_0009_0027_0027.jpg 1 24 9 27 27
1225_0028_0034_0056_0056.jpg 1 28 34 56 56
1226_0015_0017_0063_0063.jpg 1 15 17 63 63
1227_0036_0008_0054_0054.jpg 1 36 8 54 54
1228_0032_0020_0026_0026.jpg 1 32 20 26 26
1229_0035_0019_0054_0054.jpg 1 35 19 54 54
1230_0036_0032_0058_0058.jpg 1 36 32 58 58
1231_0022_0034_0026_0026.jpg 1 22 34 26 26
1232_0012_0025_0060_0060.jpg 1 12 25 60 60
1233_0024_0043_0044_0044.jpg 1 24 43 44 44
1234_0016_0034_0037_0037.jpg 1 16 34 37 37
1235_0057_0023_0030_0030.jpg 1 57 23 30 30
1236_0017_0035_0046_0046.jpg 1 17 35 46 46
1237_0021_0019_0042_0042.jpg 1 21 19 42 42
1238_0013_0015_0069_0069.jpg 1 13 15 69 69
1239_0024_0012_0069_0069.jpg 1 24 12 69 69
1240_0027_0026_0052_0052.jpg 1 27 26 52 52
1241_0023_0008_0061_0061.jpg 1 23 8 61 61
1242_0016_0035_0058_0058.jpg 1 16 35 58 58
1243_0019_0008_0042_0042.jpg 1 19 8 42 42
1244_0053_0033_0038_0038.jpg 1 53 33 38 38
1245_0010_0053_0024_0024.jpg 1 10 53 24 24
1246_0018_0026_0066_0066.jpg 1 18 26 66 66
1247_0018_0018_0028_0028.jpg 1 18 18 28 28
1248_0037_0025_0041_0041.jpg 1 37 25 41 41
1249_0017_0011_0038_0038.jpg 1 17 11 38 38
1250_0043_0039_0029_0029.jpg 1 43 39 29 29
1251_0042_0011_0036_0036.jpg 1 42 11 36 36
1252_0032_0018_0055_0055.jpg 1 32 18 55 55
1253_0026_0017_0069_0069.jpg 1 26 17 69 69
1254_0013_0005_0067_0067.jpg 1 13 5 67 67
1255_0039_0049_0038_0038.jpg 1 39 49 38 38
1256_0045_0027_0049_0049.jpg 1 45 27 49 49
1257_0046_0013_0033_0033.jpg 1 46 13 33 33
1258_0040_0059_0032_0032.jpg 1 40 59 32 32
1259_0020_0032_0056_0056.jpg 1 20 32 56 56
1260_0008_0021_0055_0055.jpg 1 8 21 55 55
1261_0058_0063_0029_0029.jpg 1 58 63 29 29
1262_0015_0045_0028_0028.jpg 1 15 45 28 28
1263_0041_0018_0041_0041.jpg 1 41 18 41 41
1264_0023_0037_0057_0057.jpg 1 23 37 57 57
1265_0026_0011_0060_0060.jpg 1 26 11 60 60
1266_0017_0013_0044_0044.jpg 1 17 13 44 44
1267_0039_0044_0024_0024.jpg 1 39 44 24 24
1268_0021_0049_0041_0041.jpg 1 21 49 41 41
1269_0021_0033_0032_0032.jpg 1 21 33 32 32
1270_0023_0016_0052_0052.jpg 1 23 16 52 52
1271_0010_0057_0032_0032.jpg 1 10 57 32 32
1272_0046_0031_0048_0048.jpg 1 46 31 48 48
1273_0016_0017_0061_0061.jpg 1 16 17 61 61
1274_0041_0005_0046_0046.jpg 1 41 5 46 46
1275_0008_0025_0054_0054.jpg 1 8 25 54 54
1276_0035_0004_0060_0060.jpg 1 35 4 60 60
1277_0024_0021_0059_0059.jpg 1 24 21 59 59
1278_0039_0037_0036_0036.jpg 1 39 37 36 36
1279_0026_0035_0058_0058.jpg 1 26 35 58 58
1280_0017_0013_0064_0064.jpg 1 17 13 64 64
1281_0010_0008_0059_0059.jpg 1 10 8 59 59
1282_0015_0007_0038_0038.jpg 1 15 7 38 38
1283_0023_0004_0060_0060.jpg 1 23 4 60 60
1284_0020_0006_0066_0066.jpg 1 20 6 66 66
1285_0010_0023_0065_0065.jpg 1 10 23 65 65
1286_0052_0048_0033_0033.jpg 1 52 48 33 33
1287_0015_0019_0038_0038.jpg 1 15 19 38 38
1288_0044_0037_0045_0045.jpg 1 44 37 45 45
1289_0031_0049_0040_0040.jpg 1 31 49 40 40
1290_0053_0039_0026_0026.jpg 1 53 39 26 26
1291_0026_0029_0061_0061.jpg 1 26 29 61 61
1292_0049_0023_0033_0033.jpg 1 49 23 33 33
1293_0014_0022_0051_0051.jpg 1 14 22 51 51
1294_0043_0017_0027_0027.jpg 1 43 17 27 27
1295_0038_0021_0024_0024.jpg 1 38 21 24 24
1296_0030_0018_0063_0063.jpg 1 30 18 63 63
1297_0030_0012_0026_0026.jpg 1 30 12 26 26
1298_0013_0028_0065_0065.jpg 1 13 28 65 65
1299_0035_0036_0056_0056.jpg 1 35 36 56 56
1300_0013_0052_0030_0030.jpg 1 13 52 30 30
1301_0019_0011_0037_0037.jpg 1 19 11 37 37
1302_0037_0023_0032_0032.jpg 1 37 23 32 32
1303_0044_0024_0040_0040.jpg 1 44 24 40 40
1304_0011_0011_0066_0066.jpg 1 11 11 66 66
1305_0023_0014_0067_0067.jpg 1 23 14 67 67
1306_0011_0031_0064_0064.jpg 1 11 31 64 64
1307_0018_0031_0058_0058.jpg 1 18 31 58 58
1308_0034_0028_0025_0025.jpg 1 34 28 25 25
1309_0039_0047_0024_0024.jpg 1 39 47 24 24
1310_0048_0024_0045_0045.jpg 1 48 24 45 45
1311_0027_0061_0028_0028.jpg 1 27 61 28 28
1312_0017_0031_0043_0043.jpg 1 17 31 43 43
1313_0018_0029_0066_0066.jpg 1 18 29 66 66
1314_0016_0038_0051_0051.jpg 1 16 38 51 51
1315_0030_0026_0053_0053.jpg 1 30 26 53 53
1316_0021_0050_0032_0032.jpg 1 21 50 32 32
1317_0030_0036_0058_0058.jpg 1 30 36 58 58
1318_0007_0009_0050_0050.jpg 1 7 9 50 50
1319_0020_0007_0044_0044.jpg 1 20 7 44 44
1320_0027_0005_0066_0066.jpg 1 27 5 66 66
1321_0057_0052_0030_0030.jpg 1 57 52 30 30
1322_0018_0030_0066_0066.jpg 1 18 30 66 66
1323_0067_0022_0024_0024.jpg 1 67 22 24 24
1324_0040_0030_0052_0052.jpg 1 40 30 52 52
1325_0038_0040_0036_0036.jpg 1 38 40 36 36
1326_0024_0033_0063_0063.jpg 1 24 33 63 63
1327_0015_0031_0062_0062.jpg 1 15 31 62 62
1328_0021_0049_0031_0031.jpg 1 21 49 31 31
1329_0045_0055_0033_0033.jpg 1 45 55 33 33
1330_0021_0007_0062_0062.jpg 1 21 7 62 62
1331_0019_0022_0067_0067.jpg 1 19 22 67 67
1332_0033_0035_0052_0052.jpg 1 33 35 52 52
1333_0038_0028_0033_0033.jpg 1 38 28 33 33
1334_0062_0042_0028_0028.jpg 1 62 42 28 28
1335_0009_0048_0036_0036.jpg 1 9 48 36 36
1336_0043_0021_0043_0043.jpg 1 43 21 43 43
1337_0052_0037_0027_0027.jpg 1 52 37 27 27
1338_0024_0007_0064_0064.jpg 1 24 7 64 64
1339_0019_0046_0040_0040.jpg 1 19 46 40 40
1340_0040_0044_0030_0030.jpg 1 40 44 30 30
1341_0011_0012_0068_0068.jpg 1 11 12 68 68
1342_0014_0020_0058_0058.jpg 1 14 20 58 58
1343_0026_0033_0052_0052.jpg 1 26 33 52 52
1344_0023_0029_0054_0054.jpg 1 23 29 54 54
1345_0019_0028_0068_0068.jpg 1 19 28 68 68
1346_0024_0012_0056_0056.jpg 1 24 12 56 56
1347_0033_0048_0041_0041.jpg 1 33 48 41 41
1348_0027_0028_0049_0049.jpg 1 27 28 49 49
1349_0035_0031_0047_0047.jpg 1 35 31 47 47
1350_0046_0034_0044_0044.jpg 1 46 34 44 44
1351_0049_0028_0041_0041.jpg 1 49 28 41 41
1352_0010_0036_0047_0047.jpg 1 10 36 47 47
1353_0007_0024_0063_0063.jpg 1 7 24 63 63
1354_0020_0016_0034_0034.jpg 1 20 16 34 34
1355_0048_0009_0038_0038.jpg 1 48 9 38 38
1356_0019_0010_0033_0033.jpg 1 19 10 33 33
1357_0028_0023_0030_0030.jpg 1 28 23 30 30
1358_0055_0027_0029_0029.jpg 1 55 27 29 29
1359_0014_0043_0039_0039.jpg 1 14 43 39 39
1360_0018_0024_0067_0067.jpg 1 18 24 67 67
1361_0017_0019_0058_0058.jpg 1 17 19 58 58
1362_0042_0030_0029_0029.jpg 1 42 30 29 29
1363_0023_0045_0041_0041.jpg 1 23 45 41 41
1364_0034_0013_0054_0054.jpg 1 34 13 54 54
1365_0008_0017_0040_0040.jpg 1 8 17 40 40
1366_0013_0008_0068_0068.jpg 1 13 8 68 68
1367_0022_0007_0044_0044.jpg 1 22 7 44 44
1368_0020_0044_0034_0034.jpg 1 20 44 34 34
1369_0055_0023_0029_0029.jpg 1 55 23 29 29
1370_0020_0054_0024_0024.jpg 1 20 54 24 24
1371_0013_0049_0029_0029.jpg 1 13 49 29 29
1372_0026_0015_0061_0061.jpg 1 26 15 61 61
1373_0027_0021_0042_0042.jpg 1 27 21 42 42
1374_0028_0007_0065_0065.jpg 1 28 7 65 65
1375_0038_0037_0029_0029.jpg 1 38 37 29 29
1376_0034_0024_0056_0056.jpg 1 34 24 56 56
1377_0031_0008_0064_0064.jpg 1 31 8 64 64
1378_0020_0013_0037_0037.jpg 1 20 13 37 37
1379_0053_0056_0026_0026.jpg 1 53 56 26 26
1380_0034_0008_0036_0036.jpg 1 34 8 36 36
1381_0028_0019_0050_0050.jpg 1 28 19 50 50
1382_0055_0061_0029_0029.jpg 1 55 61 29 29
1383_0015_0026_0068_0068.jpg 1 15 26 68 68
1384_0011_0012_0038_0038.jpg 1 11 12 38 38
1385_0022_0013_0067_0067.jpg 1 22 13 67 67
1386_0049_0024_0043_0043.jpg 1 49 24 43 43
1387_0019_0022_0064_0064.jpg 1 19 22 64 64
1388_0040_0007_0037_0037.jpg 1 40 7 37 37
1389_0035_0059_0030_0030.jpg 1 35 59 30 30
1390_0012_0028_0066_0066.jpg 1 12 28 66 66
1391_0043_0030_0049_0049.jpg 1 43 30 49 49
1392_0044_0048_0035_0035.jpg 1 44 48 35 35
1393_0030_0018_0060_0060.jpg 1 30 18 60 60
1394_0006_0015_0068_0068.jpg 1 6 15 68 68
1395_0025_0040_0047_0047.jpg 1 25 40 47 47
1396_0041_0020_0040_0040.jpg 1 41 20 40 40
1397_0006_0030_0052_0052.jpg 1 6 30 52 52
1398_0033_0013_0045_0045.jpg 1 33 13 45 45
1399_0035_0023_0054_0054.jpg 1 35 23 54 54
1400_0009_0049_0024_0024.jpg 1 9 49 24 24
1401_0043_0020_0045_0045.jpg 1 43 20 45 45
1402_0020_0030_0029_0029.jpg 1 20 30 29 29
1403_0018_0018_0045_0045.jpg 1 18 18 45 45
1404_0029_0044_0030_0030.jpg 1 29 44 30 30
1405_0006_0011_0050_0050.jpg 1 6 11 50 50
1406_0038_0033_0052_0052.jpg 1 38 33 52 52
1407_0021_0024_0051_0051.jpg 1 21 24 51 51
1408_0041_0032_0052_0052.jpg 1 41 32 52 52
1409_0065_0055_0024_0024.jpg 1 65 55 24 24
1410_0018_0009_0066_0066.jpg 1 18 9 66 66
1411_0052_0064_0026_0026.jpg 1 52 64 26 26
1412_0029_0061_0028_0028.jpg 1 29 61 28 28
1413_0036_0035_0045_0045.jpg 1 36 35 45 45
1414_0010_0015_0058_0058.jpg 1 10 15 58 58
1415_0030_0036_0056_0056.jpg 1 30 36 56 56
1416_0021_0051_0026_0026.jpg 1 21 51 26 26
1417_0011_0018_0065_0065.jpg 1 11 18 65 65
1418_0030_0013_0062_0062.jpg 1 30 13 62 62
1419_0035_0006_0052_0052.jpg 1 35 6 52 52
1420_0043_0034_0036_0036.jpg 1 43 34 36 36
1421_0023_0031_0030_0030.jpg 1 23 31 30 30
1422_0040_0014_0037_0037.jpg 1 40 14 37 37
1423_0022_0019_0065_0065.jpg 1 22 19 65 65
1424_0005_0011_0060_0060.jpg 1 5 11 60 60
1425_0009_0042_0033_0033.jpg 1 9 42 33 33
1426_0042_0033_0038_0038.jpg 1 42 33 38 38
1427_0056_0057_0029_0029.jpg 1 56 57 29 29
1428_0017_0034_0061_0061.jpg 1 17 34 61 61
1429_0004_0024_0061_0061.jpg 1 4 24 61 61
1430_0018_0035_0042_0042.jpg 1 18 35 42 42
1431_0033_0007_0056_0056.jpg 1 33 7 56 56
1432_0026_0005_0063_0063.jpg 1 26 5 63 63
1433_0018_0036_0031_0031.jpg 1 18 36 31 31
1434_0026_0008_0061_0061.jpg 1 26 8 61 61
1435_0054_0055_0031_0031.jpg 1 54 55 31 31
1436_0032_0025_0052_0052.jpg 1 32 25 52 52
1437_0011_0015_0046_0046.jpg 1 11 15 46 46
1438_0006_0027_0064_0064.jpg 1 6 27 64 64
1439_0026_0026_0056_0056.jpg 1 26 26 56 56
1440_0062_0034_0026_0026.jpg 1 62 34 26 26
1441_0023_0040_0034_0034.jpg 1 23 40 34 34
1442_0043_0057_0025_0025.jpg 1 43 57 25 25
1443_0015_0010_0065_0065.jpg 1 15 10 65 65
1444_0021_0038_0053_0053.jpg 1 21 38 53 53
1445_0024_0011_0064_0064.jpg 1 24 11 64 64
1446_0012_0042_0036_0036.jpg 1 12 42 36 36
1447_0008_0021_0041_0041.jpg 1 8 21 41 41
1448_0039_0014_0032_0032.jpg 1 39 14 32 32
1449_0016_0012_0033_0033.jpg 1 16 12 33 33
1450_0057_0020_0028_0028.jpg 1 57 20 28 28
1451_0037_0021_0051_0051.jpg 1 37 21 51 51
1452_0036_0041_0041_0041.jpg 1 36 41 41 41
1453_0029_0048_0044_0044.jpg 1 29 48 44 44
1454_0030_0029_0064_0064.jpg 1 30 29 64 64
1455_0025_0006_0049_0049.jpg 1 25 6 49 49
1456_0035_0040_0048_0048.jpg 1 35 40 48 48
1457_0047_0049_0027_0027.jpg 1 47 49 27 27
1458_0049_0007_0042_0042.jpg 1 49 7 42 42
1459_0033_0041_0052_0052.jpg 1 33 41 52 52
1460_0019_0053_0036_0036.jpg 1 19 53 36 36
1461_0020_0035_0056_0056.jpg 1 20 35 56 56
1462_0059_0016_0028_0028.jpg 1 59 16 28 28
1463_0029_0024_0030_0030.jpg 1 29 24 30 30
1464_0059_0060_0026_0026.jpg 1 59 60 26 26
1465_0063_0064_0025_0025.jpg 1 63 64 25 25
1466_0011_0022_0055_0055.jpg 1 11 22 55 55
1467_0019_0047_0026_0026.jpg 1 19 47 26 26
1468_0026_0021_0052_0052.jpg 1 26 21 52 52
1469_0006_0037_0057_0057.jpg 1 6 37 57 57
1470_0026_0012_0055_0055.jpg 1 26 12 55 55
1471_0016_0033_0053_0053.jpg 1 16 33 53 53
1472_0042_0045_0047_0047.jpg 1 42 45 47 47
1473_0021_0023_0044_0044.jpg 1 21 23 44 44
1474_0042_0039_0049_0049.jpg 1 42 39 49 49
1475_0011_0045_0043_0043.jpg 1 11 45 43 43
1476_0046_0017_0048_0048.jpg 1 46 17 48 48
1477_0013_0060_0025_0025.jpg 1 13 60 25 25
1478_0029_0026_0062_0062.jpg 1 29 26 62 62
1479_0041_0041_0039_0039.jpg 1 41 41 39 39
1480_0047_0042_0043_0043.jpg 1 47 42 43 43
1481_0012_0031_0027_0027.jpg 1 12 31 27 27
1482_0006_0005_0047_0047.jpg 1 6 5 47 47
1483_0041_0025_0052_0052.jpg 1 41 25 52 52
1484_0022_0007_0052_0052.jpg 1 22 7 52 52
1485_0009_0020_0053_0053.jpg 1 9 20 53 53
1486_0034_0014_0058_0058.jpg 1 34 14 58 58
1487_0026_0028_0041_0041.jpg 1 26 28 41 41
1488_0011_0014_0058_0058.jpg 1 11 14 58 58
1489_0047_0023_0039_0039.jpg 1 47 23 39 39
1490_0020_0028_0059_0059.jpg 1 20 28 59 59
1491_0013_0017_0053_0053.jpg 1 13 17 53 53
1492_0028_0029_0037_0037.jpg 1 28 29 37 37
1493_0011_0038_0024_0024.jpg 1 11 38 24 24
1494_0006_0005_0044_0044.jpg 1 6 5 44 44
1495_0040_0019_0024_0024.jpg 1 40 19 24 24
1496_0066_0061_0024_0024.jpg 1 66 61 24 24
1497_0012_0005_0057_0057.jpg 1 12 5 57 57
1498_0005_0025_0069_0069.jpg 1 5 25 69 69
1499_0020_0008_0048_0048.jpg 1 20 8 48 48
1500_0047_0008_0024_0024.jpg 1 47 8 24 24
1501_0017_0023_0067_0067.jpg 1 17 23 67 67
1502_0052_0062_0025_0025.jpg 1 52 62 25 25
1503_0034_0033_0046_0046.jpg 1 34 33 46 46
1504_0024_0063_0027_0027.jpg 1 24 63 27 27
1505_0022_0042_0033_0033.jpg 1 22 42 33 33
1506_0005_0019_0064_0064.jpg 1 5 19 64 64
1507_0004_0018_0069_0069.jpg 1 4 18 69 69
1508_0011_0004_0060_0060.jpg 1 11 4 60 60
1509_0015_0005_0057_0057.jpg 1 15 5 57 57
1510_0012_0035_0044_0044.jpg 1 12 35 44 44
1511_0022_0038_0041_0041.jpg 1 22 38 41 41
1512_0013_0025_0066_0066.jpg 1 13 25 66 66
1513_0028_0039_0042_0042.jpg 1 28 39 42 42
1514_0045_0009_0047_0047.jpg 1 45 9 47 47
1515_0032_0048_0036_0036.jpg 1 32 48 36 36
1516_0018_0021_0069_0069.jpg 1 18 21 69 69
1517_0006_0033_0053_0053.jpg 1 6 33 53 53
1518_0022_0016_0042_0042.jpg 1 22 16 42 42
1519_0023_0025_0034_0034.jpg 1 23 25 34 34
1520_0020_0005_0049_0049.jpg 1 20 5 49 49
1521_0007_0007_0068_0068.jpg 1 7 7 68 68
1522_0005_0033_0059_0059.jpg 1 5 33 59 59
1523_0052_0025_0024_0024.jpg 1 52 25 24 24
1524_0053_0041_0035_0035.jpg 1 53 41 35 35
1525_0018_0013_0026_0026.jpg 1 18 13 26 26
1526_0038_0009_0049_0049.jpg 1 38 9 49 49
1527_0021_0030_0057_0057.jpg 1 21 30 57 57
1528_0061_0036_0029_0029.jpg 1 61 36 29 29
1529_0027_0036_0034_0034.jpg 1 27 36 34 34
1530_0021_0010_0045_0045.jpg 1 21 10 45 45
1531_0012_0040_0054_0054.jpg 1 12 40 54 54
1532_0020_0011_0055_0055.jpg 1 20 11 55 55
1533_0005_0020_0069_0069.jpg 1 5 20 69 69
1534_0035_0045_0033_0033.jpg 1 35 45 33 33
1535_0048_0018_0033_0033.jpg 1 48 18 33 33
1536_0011_0017_0052_0052.jpg 1 11 17 52 52
1537_0018_0038_0056_0056.jpg 1 18 38 56 56
1538_0016_0008_0025_0025.jpg 1 16 8 25 25
1539_0020_0012_0067_0067.jpg 1 20 12 67 67
1540_0044_0047_0036_0036.jpg 1 44 47 36 36
1541_0022_0012_0040_0040.jpg 1 22 12 40 40
1542_0039_0019_0053_0053.jpg 1 39 19 53 53
1543_0013_0022_0040_0040.jpg 1 13 22 40 40
1544_0015_0048_0028_0028.jpg 1 15 48 28 28
1545_0025_0025_0067_0067.jpg 1 25 25 67 67
1546_0028_0020_0057_0057.jpg 1 28 20 57 57
1547_0041_0014_0031_0031.jpg 1 41 14 31 31
1548_0024_0049_0031_0031.jpg 1 24 49 31 31
1549_0046_0031_0041_0041.jpg 1 46 31 41 41
1550_0017_0038_0043_0043.jpg 1 17 38 43 43
1551_0031_0019_0064_0064.jpg 1 31 19 64 64
1552_0058_0039_0029_0029.jpg 1 58 39 29 29
1553_0020_0026_0042_0042.jpg 1 20 26 42 42
1554_0005_0030_0052_0052.jpg 1 5 30 52 52
1555_0052_0047_0029_0029.jpg 1 52 47 29 29
1556_0058_0044_0034_0034.jpg 1 58 44 34 34
1557_0030_0028_0024_0024.jpg 1 30 28 24 24
1558_0015_0007_0063_0063.jpg 1 15 7 63 63
1559_0028_0025_0044_0044.jpg 1 28 25 44 44
1560_0030_0032_0062_0062.jpg 1 30 32 62 62
1561_0017_0015_0024_0024.jpg 1 17 15 24 24
1562_0029_0040_0053_0053.jpg 1 29 40 53 53
1563_0029_0012_0033_0033.jpg 1 29 12 33 33
1564_0026_0006_0047_0047.jpg 1 26 6 47 47
1565_0006_0011_0069_0069.jpg 1 6 11 69 69
1566_0019_0035_0049_0049.jpg 1 19 35 49 49
1567_0005_0019_0046_0046.jpg 1 5 19 46 46
1568_0018_0013_0056_0056.jpg 1 18 13 56 56
1569_0014_0039_0030_0030.jpg 1 14 39 30 30
1570_0011_0006_0067_0067.jpg 1 11 6 67 67
1571_0006_0007_0049_0049.jpg 1 6 7 49 49
1572_0029_0008_0038_0038.jpg 1 29 8 38 38
1573_0010_0021_0068_0068.jpg 1 10 21 68 68
1574_0011_0046_0029_0029.jpg 1 11 46 29 29
1575_0048_0034_0043_0043.jpg 1 48 34 43 43
1576_0005_0031_0055_0055.jpg 1 5 31 55 55
1577_0038_0023_0032_0032.jpg 1 38 23 32 32
1578_0031_0013_0040_0040.jpg 1 31 13 40 40
1579_0027_0021_0038_0038.jpg 1 27 21 38 38
1580_0007_0013_0055_0055.jpg 1 7 13 55 55
1581_0035_0033_0059_0059.jpg 1 35 33 59 59
1582_0005_0005_0057_0057.jpg 1 5 5 57 57
1583_0008_0018_0069_0069.jpg 1 8 18 69 69
1584_0007_0025_0065_0065.jpg 1 7 25 65 65
1585_0017_0015_0034_0034.jpg 1 17 15 34 34
1586_0014_0022_0043_0043.jpg 1 14 22 43 43
1587_0009_0047_0035_0035.jpg 1 9 47 35 35
1588_0026_0021_0049_0049.jpg 1 26 21 49 49
1589_0028_0025_0038_0038.jpg 1 28 25 38 38
1590_0013_0020_0067_0067.jpg 1 13 20 67 67
1591_0010_0007_0066_0066.jpg 1 10 7 66 66
1592_0050_0029_0033_0033.jpg 1 50 29 33 33
1593_0014_0008_0058_0058.jpg 1 14 8 58 58
1594_0017_0014_0054_0054.jpg 1 17 14 54 54
1595_0036_0034_0037_0037.jpg 1 36 34 37 37
1596_0004_0036_0056_0056.jpg 1 4 36 56 56
1597_0030_0018_0053_0053.jpg 1 30 18 53 53
1598_0011_0021_0051_0051.jpg 1 11 21 51 51
1599_0022_0011_0035_0035.jpg 1 22 11 35 35
1600_0025_0011_0062_0062.jpg 1 25 11 62 62
1601_0031_0003_0064_0064.jpg 1 31 3 64 64
1602_0006_0007_0068_0068.jpg 1 6 7 68 68
1603_0049_0024_0037_0037.jpg 1 49 24 37 37
1604_0052_0033_0030_0030.jpg 1 52 33 30 30
1605_0010_0029_0054_0054.jpg 1 10 29 54 54
1606_0052_0037_0024_0024.jpg 1 52 37 24 24
1607_0039_0014_0039_0039.jpg 1 39 14 39 39
1608_0031_0017_0060_0060.jpg 1 31 17 60 60
1609_0011_0006_0056_0056.jpg 1 11 6 56 56
1610_0037_0008_0032_0032.jpg 1 37 8 32 32
1611_0005_0023_0063_0063.jpg 1 5 23 63 63
1612_0029_0010_0042_0042.jpg 1 29 10 42 42
1613_0010_0043_0036_0036.jpg 1 10 43 36 36
1614_0012_0034_0059_0059.jpg 1 12 34 59 59
1615_0033_0033_0061_0061.jpg 1 33 33 61 61
1616_0013_0039_0049_0049.jpg 1 13 39 49 49
1617_0048_0013_0045_0045.jpg 1 48 13 45 45
1618_0014_0010_0056_0056.jpg 1 14 10 56 56
1619_0025_0027_0057_0057.jpg 1 25 27 57 57
1620_0008_0049_0039_0039.jpg 1 8 49 39 39
1621_0036_0015_0056_0056.jpg 1 36 15 56 56
1622_0016_0041_0036_0036.jpg 1 16 41 36 36
1623_0053_0010_0030_0030.jpg 1 53 10 30 30
1624_0022_0041_0043_0043.jpg 1 22 41 43 43
1625_0028_0010_0040_0040.jpg 1 28 10 40 40
1626_0031_0008_0062_0062.jpg 1 31 8 62 62
1627_0012_0019_0054_0054.jpg 1 12 19 54 54
1628_0026_0020_0063_0063.jpg 1 26 20 63 63
1629_0064_0011_0028_0028.jpg 1 64 11 28 28
1630_0032_0010_0052_0052.jpg 1 32 10 52 52
1631_0033_0030_0054_0054.jpg 1 33 30 54 54
1632_0005_0023_0065_0065.jpg 1 5 23 65 65
1633_0050_0014_0027_0027.jpg 1 50 14 27 27
1634_0030_0017_0050_0050.jpg 1 30 17 50 50
1635_0006_0031_0051_0051.jpg 1 6 31 51 51
1636_0005_0041_0047_0047.jpg 1 5 41 47 47
1637_0047_0030_0033_0033.jpg 1 47 30 33 33
1638_0020_0019_0056_0056.jpg 1 20 19 56 56
1639_0049_0023_0041_0041.jpg 1 49 23 41 41
1640_0019_0016_0065_0065.jpg 1 19 16 65 65
1641_0022_0013_0052_0052.jpg 1 22 13 52 52
1642_0026_0034_0058_0058.jpg 1 26 34 58 58
1643_0012_0021_0033_0033.jpg 1 12 21 33 33
1644_0013_0015_0051_0051.jpg 1 13 15 51 51
1645_0017_0013_0038_0038.jpg 1 17 13 38 38
1646_0026_0028_0057_0057.jpg 1 26 28 57 57
1647_0020_0021_0035_0035.jpg 1 20 21 35 35
1648_0018_0011_0064_0064.jpg 1 18 11 64 64
1649_0025_0014_0059_0059.jpg 1 25 14 59 59
1650_0022_0030_0032_0032.jpg 1 22 30 32 32
1651_0030_0036_0031_0031.jpg 1 30 36 31 31
1652_0012_0016_0063_0063.jpg 1 12 16 63 63
1653_0020_0042_0050_0050.jpg 1 20 42 50 50
1654_0012_0009_0065_0065.jpg 1 12 9 65 65
1655_0012_0041_0026_0026.jpg 1 12 41 26 26
1656_0059_0013_0033_0033.jpg 1 59 13 33 33
1657_0015_0025_0063_0063.jpg 1 15 25 63 63
1658_0020_0036_0024_0024.jpg 1 20 36 24 24
1659_0030_0004_0058_0058.jpg 1 30 4 58 58
1660_0019_0026_0059_0059.jpg 1 19 26 59 59
1661_0041_0043_0049_0049.jpg 1 41 43 49 49
1662_0023_0031_0058_0058.jpg 1 23 31 58 58
1663_0014_0035_0044_0044.jpg 1 14 35 44 44
1664_0014_0014_0051_0051.jpg 1 14 14 51 51
1665_0012_0048_0041_0041.jpg 1 12 48 41 41
1666_0010_0028_0041_0041.jpg 1 10 28 41 41
1667_0045_0041_0034_0034.jpg 1 45 41 34 34
1668_0038_0018_0025_0025.jpg 1 38 18 25 25
1669_0024_0015_0068_0068.jpg 1 24 15 68 68
1670_0024_0033_0028_0028.jpg 1 24 33 28 28
1671_0034_0023_0048_0048.jpg 1 34 23 48 48
1672_0037_0038_0045_0045.jpg 1 37 38 45 45
1673_0045_0008_0027_0027.jpg 1 45 8 27 27
1674_0013_0040_0049_0049.jpg 1 13 40 49 49
1675_0013_0007_0033_0033.jpg 1 13 7 33 33
1676_0045_0006_0047_0047.jpg 1 45 6 47 47
1677_0013_0013_0025_0025.jpg 1 13 13 25 25
1678_0050_0024_0038_0038.jpg 1 50 24 38 38
1679_0026_0033_0051_0051.jpg 1 26 33 51 51
1680_0020_0018_0060_0060.jpg 1 20 18 60 60
1681_0014_0018_0062_0062.jpg 1 14 18 62 62
1682_0028_0036_0053_0053.jpg 1 28 36 53 53
1683_0018_0020_0053_0053.jpg 1 18 20 53 53
1684_0034_0041_0035_0035.jpg 1 34 41 35 35
1685_0020_0029_0042_0042.jpg 1 20 29 42 42
1686_0018_0042_0045_0045.jpg 1 18 42 45 45
1687_0005_0036_0050_0050.jpg 1 5 36 50 50
1688_0021_0024_0029_0029.jpg 1 21 24 29 29
1689_0036_0034_0055_0055.jpg 1 36 34 55 55
1690_0019_0025_0034_0034.jpg 1 19 25 34 34
1691_0006_0011_0060_0060.jpg 1 6 11 60 60
1692_0038_0029_0045_0045.jpg 1 38 29 45 45
1693_0050_0040_0029_0029.jpg 1 50 40 29 29
1694_0027_0021_0051_0051.jpg 1 27 21 51 51
1695_0029_0014_0053_0053.jpg 1 29 14 53 53
1696_0021_0034_0048_0048.jpg 1 21 34 48 48
1697_0023_0025_0038_0038.jpg 1 23 25 38 38
1698_0034_0021_0059_0059.jpg 1 34 21 59 59
1699_0032_0020_0032_0032.jpg 1 32 20 32 32
1700_0020_0019_0069_0069.jpg 1 20 19 69 69
1701_0013_0037_0030_0030.jpg 1 13 37 30 30
1702_0016_0016_0063_0063.jpg 1 16 16 63 63
1703_0052_0060_0032_0032.jpg 1 52 60 32 32
1704_0064_0031_0026_0026.jpg 1 64 31 26 26
1705_0019_0013_0027_0027.jpg 1 19 13 27 27
1706_0004_0018_0060_0060.jpg 1 4 18 60 60
1707_0028_0034_0060_0060.jpg 1 28 34 60 60
1708_0044_0039_0036_0036.jpg 1 44 39 36 36
1709_0029_0008_0067_0067.jpg 1 29 8 67 67
1710_0043_0017_0043_0043.jpg 1 43 17 43 43
1711_0036_0006_0055_0055.jpg 1 36 6 55 55
1712_0021_0024_0040_0040.jpg 1 21 24 40 40
1713_0034_0019_0029_0029.jpg 1 34 19 29 29
1714_0037_0042_0053_0053.jpg 1 37 42 53 53
1715_0047_0019_0026_0026.jpg 1 47 19 26 26
1716_0008_0059_0026_0026.jpg 1 8 59 26 26
1717_0019_0021_0053_0053.jpg 1 19 21 53 53
1718_0021_0028_0057_0057.jpg 1 21 28 57 57
1719_0016_0026_0065_0065.jpg 1 16 26 65 65
1720_0013_0031_0052_0052.jpg 1 13 31 52 52
1721_0029_0023_0040_0040.jpg 1 29 23 40 40
1722_0055_0047_0038_0038.jpg 1 55 47 38 38
1723_0029_0020_0058_0058.jpg 1 29 20 58 58
1724_0037_0041_0028_0028.jpg 1 37 41 28 28
1725_0036_0008_0050_0050.jpg 1 36 8 50 50
1726_0012_0003_0068_0068.jpg 1 12 3 68 68
1727_0013_0024_0065_0065.jpg 1 13 24 65 65
1728_0028_0008_0036_0036.jpg 1 28 8 36 36
1729_0026_0013_0045_0045.jpg 1 26 13 45 45
1730_0032_0008_0053_0053.jpg 1 32 8 53 53
1731_0043_0040_0047_0047.jpg 1 43 40 47 47
1732_0011_0028_0044_0044.jpg 1 11 28 44 44
1733_0027_0019_0059_0059.jpg 1 27 19 59 59
1734_0042_0016_0025_0025.jpg 1 42 16 25 25
1735_0032_0012_0035_0035.jpg 1 32 12 35 35
1736_0031_0020_0057_0057.jpg 1 31 20 57 57
1737_0020_0025_0056_0056.jpg 1 20 25 56 56
1738_0028_0049_0034_0034.jpg 1 28 49 34 34
1739_0005_0012_0059_0059.jpg 1 5 12 59 59
1740_0026_0024_0039_0039.jpg 1 26 24 39 39
1741_0005_0011_0061_0061.jpg 1 5 11 61 61
1742_0032_0040_0054_0054.jpg 1 32 40 54 54
1743_0014_0016_0051_0051.jpg 1 14 16 51 51
1744_0016_0023_0045_0045.jpg 1 16 23 45 45
1745_0042_0057_0027_0027.jpg 1 42 57 27 27
1746_0017_0013_0049_0049.jpg 1 17 13 49 49
1747_0035_0013_0039_0039.jpg 1 35 13 39 39
1748_0018_0032_0058_0058.jpg 1 18 32 58 58
1749_0038_0029_0042_0042.jpg 1 38 29 42 42
1750_0014_0036_0051_0051.jpg 1 14 36 51 51
1751_0008_0022_0068_0068.jpg 1 8 22 68 68
1752_0011_0014_0059_0059.jpg 1 11 14 59 59
1753_0005_0020_0062_0062.jpg 1 5 20 62 62
1754_0018_0040_0037_0037.jpg 1 18 40 37 37
1755_0013_0012_0035_0035.jpg 1 13 12 35 35
1756_0050_0037_0025_0025.jpg 1 50 37 25 25
1757_0016_0009_0065_0065.jpg 1 16 9 65 65
1758_0023_0007_0064_0064.jpg 1 23 7 64 64
1759_0056_0035_0030_0030.jpg 1 56 35 30 30
1760_0041_0019_0044_0044.jpg 1 41 19 44 44
1761_0016_0018_0057_0057.jpg 1 16 18 57 57
1762_0060_0012_0026_0026.jpg 1 60 12 26 26
1763_0035_0021_0050_0050.jpg 1 35 21 50 50
1764_0017_0031_0061_0061.jpg 1 17 31 61 61
1765_0018_0011_0062_0062.jpg 1 18 11 62 62
1766_0045_0039_0043_0043.jpg 1 45 39 43 43
1767_0006_0015_0046_0046.jpg 1 6 15 46 46
1768_0036_0058_0025_0025.jpg 1 36 58 25 25
1769_0047_0050_0040_0040.jpg 1 47 50 40 40
1770_0026_0054_0035_0035.jpg 1 26 54 35 35
1771_0021_0015_0050_0050.jpg 1 21 15 50 50
1772_0047_0046_0025_0025.jpg 1 47 46 25 25
1773_0043_0041_0046_0046.jpg 1 43 41 46 46
1774_0020_0022_0058_0058.jpg 1 20 22 58 58
1775_0048_0040_0038_0038.jpg 1 48 40 38 38
1776_0038_0025_0050_0050.jpg 1 38 25 50 50
1777_0021_0010_0068_0068.jpg 1 21 10 68 68
1778_0046_0022_0033_0033.jpg 1 46 22 33 33
1779_0046_0006_0040_0040.jpg 1 46 6 40 40
1780_0015_0013_0059_0059.jpg 1 15 13 59 59
1781_0031_0010_0052_0052.jpg 1 31 10 52 52
1782_0039_0024_0053_0053.jpg 1 39 24 53 53
1783_0013_0014_0063_0063.jpg 1 13 14 63 63
1784_0034_0024_0048_0048.jpg 1 34 24 48 48
1785_0036_0012_0030_0030.jpg 1 36 12 30 30
1786_0013_0054_0034_0034.jpg 1 13 54 34 34
1787_0018_0009_0037_0037.jpg 1 18 9 37 37
1788_0024_0030_0058_0058.jpg 1 24 30 58 58
1789_0008_0025_0050_0050.jpg 1 8 25 50 50
1790_0016_0013_0058_0058.jpg 1 16 13 58 58
1791_0019_0011_0069_0069.jpg 1 19 11 69 69
1792_0017_0005_0053_0053.jpg 1 17 5 53 53
1793_0044_0053_0034_0034.jpg 1 44 53 34 34
1794_0052_0034_0034_0034.jpg 1 52 34 34 34
1795_0033_0006_0052_0052.jpg 1 33 6 52 52
1796_0021_0006_0063_0063.jpg 1 21 6 63 63
1797_0009_0021_0031_0031.jpg 1 9 21 31 31
1798_0015_0024_0064_0064.jpg 1 15 24 64 64
1799_0028_0027_0057_0057.jpg 1 28 27 57 57
1800_0018_0014_0035_0035.jpg 1 18 14 35 35
1801_0021_0028_0048_0048.jpg 1 21 28 48 48
1802_0011_0032_0047_0047.jpg 1 11 32 47 47
1803_0020_0009_0068_0068.jpg 1 20 9 68 68
1804_0025_0017_0061_0061.jpg 1 25 17 61 61
1805_0026_0020_0055_0055.jpg 1 26 20 55 55
1806_0044_0012_0050_0050.jpg 1 44 12 50 50
1807_0043_0025_0051_0051.jpg 1 43 25 51 51
1808_0048_0040_0034_0034.jpg 1 48 40 34 34
1809_0011_0031_0043_0043.jpg 1 11 31 43 43
1810_0044_0022_0039_0039.jpg 1 44 22 39 39
1811_0021_0049_0045_0045.jpg 1 21 49 45 45
1812_0025_0019_0041_0041.jpg 1 25 19 41 41
1813_0022_0022_0031_0031.jpg 1 22 22 31 31
1814_0043_0040_0041_0041.jpg 1 43 40 41 41
1815_0006_0028_0062_0062.jpg 1 6 28 62 62
1816_0032_0034_0059_0059.jpg 1 32 34 59 59
1817_0011_0022_0069_0069.jpg 1 11 22 69 69
1818_0028_0012_0054_0054.jpg 1 28 12 54 54
1819_0022_0026_0052_0052.jpg 1 22 26 52 52
1820_0042_0028_0043_0043.jpg 1 42 28 43 43
1821_0012_0023_0048_0048.jpg 1 12 23 48 48
1822_0053_0061_0024_0024.jpg 1 53 61 24 24
1823_0043_0021_0045_0045.jpg 1 43 21 45 45
1824_0011_0046_0028_0028.jpg 1 11 46 28 28
1825_0019_0032_0044_0044.jpg 1 19 32 44 44
1826_0012_0026_0061_0061.jpg 1 12 26 61 61
1827_0046_0048_0044_0044.jpg 1 46 48 44 44
1828_0005_0021_0059_0059.jpg 1 5 21 59 59
1829_0044_0031_0046_0046.jpg 1 44 31 46 46
1830_0026_0019_0044_0044.jpg 1 26 19 44 44
1831_0013_0005_0069_0069.jpg 1 13 5 69 69
1832_0008_0046_0037_0037.jpg 1 8 46 37 37
1833_0012_0007_0058_0058.jpg 1 12 7 58 58
1834_0021_0020_0060_0060.jpg 1 21 20 60 60
1835_0022_0010_0050_0050.jpg 1 22 10 50 50
1836_0033_0036_0049_0049.jpg 1 33 36 49 49
1837_0028_0014_0066_0066.jpg 1 28 14 66 66
1838_0052_0047_0025_0025.jpg 1 52 47 25 25
1839_0035_0017_0050_0050.jpg 1 35 17 50 50
1840_0033_0008_0048_0048.jpg 1 33 8 48 48
1841_0019_0018_0063_0063.jpg 1 19 18 63 63
1842_0013_0027_0039_0039.jpg 1 13 27 39 39
1843_0044_0026_0050_0050.jpg 1 44 26 50 50
1844_0039_0016_0055_0055.jpg 1 39 16 55 55
1845_0013_0031_0051_0051.jpg 1 13 31 51 51
1846_0039_0044_0026_0026.jpg 1 39 44 26 26
1847_0025_0015_0049_0049.jpg 1 25 15 49 49
1848_0043_0012_0050_0050.jpg 1 43 12 50 50
1849_0044_0050_0037_0037.jpg 1 44 50 37 37
1850_0032_0029_0042_0042.jpg 1 32 29 42 42
1851_0006_0016_0060_0060.jpg 1 6 16 60 60
1852_0039_0034_0053_0053.jpg 1 39 34 53 53
1853_0010_0006_0035_0035.jpg 1 10 6 35 35
1854_0037_0043_0027_0027.jpg 1 37 43 27 27
1855_0016_0024_0026_0026.jpg 1 16 24 26 26
1856_0025_0030_0044_0044.jpg 1 25 30 44 44
1857_0015_0019_0061_0061.jpg 1 15 19 61 61
1858_0011_0019_0065_0065.jpg 1 11 19 65 65
1859_0020_0042_0047_0047.jpg 1 20 42 47 47
1860_0034_0042_0048_0048.jpg 1 34 42 48 48
1861_0040_0032_0050_0050.jpg 1 40 32 50 50
1862_0016_0024_0068_0068.jpg 1 16 24 68 68
1863_0044_0010_0039_0039.jpg 1 44 10 39 39
1864_0036_0031_0047_0047.jpg 1 36 31 47 47
1865_0033_0056_0024_0024.jpg 1 33 56 24 24
1866_0016_0021_0031_0031.jpg 1 16 21 31 31
1867_0045_0050_0028_0028.jpg 1 45 50 28 28
1868_0036_0004_0054_0054.jpg 1 36 4 54 54
1869_0011_0037_0057_0057.jpg 1 11 37 57 57
1870_0038_0041_0052_0052.jpg 1 38 41 52 52
1871_0042_0017_0046_0046.jpg 1 42 17 46 46
1872_0040_0020_0050_0050.jpg 1 40 20 50 50
1873_0049_0051_0040_0040.jpg 1 49 51 40 40
1874_0015_0062_0026_0026.jpg 1 15 62 26 26
1875_0040_0048_0029_0029.jpg 1 40 48 29 29
1876_0031_0024_0058_0058.jpg 1 31 24 58 58
1877_0021_0014_0055_0055.jpg 1 21 14 55 55
1878_0053_0054_0038_0038.jpg 1 53 54 38 38
1879_0012_0007_0039_0039.jpg 1 12 7 39 39
1880_0031_0009_0055_0055.jpg 1 31 9 55 55
1881_0011_0039_0051_0051.jpg 1 11 39 51 51
1882_0033_0033_0060_0060.jpg 1 33 33 60 60
1883_0036_0023_0039_0039.jpg 1 36 23 39 39
1884_0021_0007_0069_0069.jpg 1 21 7 69 69
1885_0056_0039_0032_0032.jpg 1 56 39 32 32
1886_0063_0048_0029_0029.jpg 1 63 48 29 29
1887_0025_0014_0039_0039.jpg 1 25 14 39 39
1888_0023_0033_0051_0051.jpg 1 23 33 51 51
1889_0036_0032_0045_0045.jpg 1 36 32 45 45
1890_0032_0033_0029_0029.jpg 1 32 33 29 29
1891_0045_0007_0030_0030.jpg 1 45 7 30 30
1892_0004_0012_0053_0053.jpg 1 4 12 53 53
1893_0013_0047_0027_0027.jpg 1 13 47 27 27
1894_0024_0007_0068_0068.jpg 1 24 7 68 68
1895_0044_0056_0026_0026.jpg 1 44 56 26 26
1896_0013_0028_0058_0058.jpg 1 13 28 58 58
1897_0038_0013_0054_0054.jpg 1 38 13 54 54
1898_0004_0009_0068_0068.jpg 1 4 9 68 68
1899_0032_0028_0025_0025.jpg 1 32 28 25 25
